<?xml version="1.0" encoding="UTF-8"?>
<robot generator="Robot 7.0 (Python 3.12.3 on win32)" generated="2024-11-21T18:55:27.035818" rpa="false" schemaversion="5">
<suite id="s1" name="SauceDemo multiple users" source="D:\Aperture\tests\SauceDemo_multiple_users.robot">
<test id="s1-t1" name="Test Multiple Users" line="30">
<kw name="Get Multiple Test Data" owner="csv_data_reader">
<kw name="Read Test Data From CSV" owner="csv_data_reader">
<kw name="Verify CSV File Exists" owner="csv_data_reader">
<kw name="File Should Exist" owner="OperatingSystem">
<msg time="2024-11-21T18:55:27.405264" level="INFO" html="true">File '&lt;a href="file://D:\Aperture\resources\data_info.csv"&gt;D:\Aperture\resources\data_info.csv&lt;/a&gt;' exists.</msg>
<arg>${DATA_FILE}</arg>
<arg>msg=CSV file not found at ${DATA_FILE}</arg>
<doc>Fails unless the given ``path`` points to an existing file.</doc>
<status status="PASS" start="2024-11-21T18:55:27.405264" elapsed="0.000000"/>
</kw>
<doc>Verifies that the CSV file exists before attempting to read it</doc>
<status status="PASS" start="2024-11-21T18:55:27.404268" elapsed="0.000996"/>
</kw>
<kw name="Get File" owner="OperatingSystem">
<msg time="2024-11-21T18:55:27.406264" level="INFO" html="true">Getting file '&lt;a href="file://D:\Aperture\resources\data_info.csv"&gt;D:\Aperture\resources\data_info.csv&lt;/a&gt;'.</msg>
<msg time="2024-11-21T18:55:27.425918" level="INFO">${file_content} = URL;SCREENSHOT_PATH;USERNAME;PASSWORD;FIRST_NAME;LAST_NAME;POSTAL_CODE;TAX_RATE;COMPLETE_HEADER;COMPLETE_TEXT;BACKHOME_BUTTON_LABEL;
https://www.saucedemo.com/;D:/Aperture/Sauce Demo Screenshots;stand...</msg>
<var>${file_content}</var>
<arg>${DATA_FILE}</arg>
<doc>Returns the contents of a specified file.</doc>
<status status="PASS" start="2024-11-21T18:55:27.405264" elapsed="0.020654"/>
</kw>
<kw name="Split To Lines" owner="String">
<msg time="2024-11-21T18:55:27.425918" level="INFO">3 lines returned</msg>
<msg time="2024-11-21T18:55:27.426914" level="INFO">@{csv_data} = [ URL;SCREENSHOT_PATH;USERNAME;PASSWORD;FIRST_NAME;LAST_NAME;POSTAL_CODE;TAX_RATE;COMPLETE_HEADER;COMPLETE_TEXT;BACKHOME_BUTTON_LABEL; | https://www.saucedemo.com/;D:/Aperture/Sauce Demo Screenshots;s...</msg>
<var>@{csv_data}</var>
<arg>${file_content}</arg>
<doc>Splits the given string to lines.</doc>
<status status="PASS" start="2024-11-21T18:55:27.425918" elapsed="0.000996"/>
</kw>
<return>
<value>${csv_data}</value>
<status status="PASS" start="2024-11-21T18:55:27.426914" elapsed="0.000000"/>
</return>
<msg time="2024-11-21T18:55:27.426914" level="INFO">@{all_data} = [ URL;SCREENSHOT_PATH;USERNAME;PASSWORD;FIRST_NAME;LAST_NAME;POSTAL_CODE;TAX_RATE;COMPLETE_HEADER;COMPLETE_TEXT;BACKHOME_BUTTON_LABEL; | https://www.saucedemo.com/;D:/Aperture/Sauce Demo Screenshots;s...</msg>
<var>@{all_data}</var>
<doc>Reads test data from CSV file and returns it as a list</doc>
<status status="PASS" start="2024-11-21T18:55:27.404268" elapsed="0.022646"/>
</kw>
<kw name="Create List" owner="BuiltIn">
<msg time="2024-11-21T18:55:27.427913" level="INFO">@{data_rows} = [ ]</msg>
<var>@{data_rows}</var>
<doc>Returns a list containing given items.</doc>
<status status="PASS" start="2024-11-21T18:55:27.427913" elapsed="0.000000"/>
</kw>
<for flavor="IN RANGE">
<iter>
<kw name="Split String" owner="String">
<msg time="2024-11-21T18:55:27.429339" level="INFO">@{row_data} = [ https://www.saucedemo.com/ | D:/Aperture/Sauce Demo Screenshots | standard_user | secret_sauce | Emily | Lim | 12345 | 0.08 | Thank you for your order! | Your order has been dispatched, and will arr...</msg>
<var>@{row_data}</var>
<arg>${all_data}[${index}]</arg>
<arg>separator=;</arg>
<doc>Splits the ``string`` using ``separator`` as a delimiter string.</doc>
<status status="PASS" start="2024-11-21T18:55:27.429339" elapsed="0.001011"/>
</kw>
<kw name="Append To List" owner="Collections">
<arg>${data_rows}</arg>
<arg>${row_data}</arg>
<doc>Adds ``values`` to the end of ``list``.</doc>
<status status="PASS" start="2024-11-21T18:55:27.430350" elapsed="0.001092"/>
</kw>
<var name="${index}">1</var>
<status status="PASS" start="2024-11-21T18:55:27.429339" elapsed="0.002103"/>
</iter>
<iter>
<kw name="Split String" owner="String">
<msg time="2024-11-21T18:55:27.431442" level="INFO">@{row_data} = [ https://www.saucedemo.com/ | D:/Aperture/Sauce Demo Screenshots | visual_user | secret_sauce | Emily | Lim | 12345 | 0.08 | Thank you for your order! | Your order has been dispatched, and will arriv...</msg>
<var>@{row_data}</var>
<arg>${all_data}[${index}]</arg>
<arg>separator=;</arg>
<doc>Splits the ``string`` using ``separator`` as a delimiter string.</doc>
<status status="PASS" start="2024-11-21T18:55:27.431442" elapsed="0.001012"/>
</kw>
<kw name="Append To List" owner="Collections">
<arg>${data_rows}</arg>
<arg>${row_data}</arg>
<doc>Adds ``values`` to the end of ``list``.</doc>
<status status="PASS" start="2024-11-21T18:55:27.432454" elapsed="0.000000"/>
</kw>
<var name="${index}">2</var>
<status status="PASS" start="2024-11-21T18:55:27.431442" elapsed="0.001012"/>
</iter>
<var>${index}</var>
<value>1</value>
<value>${all_data.__len__()}</value>
<status status="PASS" start="2024-11-21T18:55:27.427913" elapsed="0.004541"/>
</for>
<return>
<value>${data_rows}</value>
<status status="PASS" start="2024-11-21T18:55:27.432454" elapsed="0.000000"/>
</return>
<msg time="2024-11-21T18:55:27.433472" level="INFO">${users_data} = [['https://www.saucedemo.com/', 'D:/Aperture/Sauce Demo Screenshots', 'standard_user', 'secret_sauce', 'Emily', 'Lim', '12345', '0.08', 'Thank you for your order!', 'Your order has been dispatched, an...</msg>
<var>${users_data}</var>
<doc>Returns all rows from CSV file (useful for data-driven testing)</doc>
<status status="PASS" start="2024-11-21T18:55:27.403264" elapsed="0.030208"/>
</kw>
<for flavor="IN">
<iter>
<kw name="Log" owner="BuiltIn">
<msg time="2024-11-21T18:55:27.434452" level="INFO">Running test for user: standard_user</msg>
<arg>Running test for user: ${user_data}[2]</arg>
<doc>Logs the given message with the given level.</doc>
<status status="PASS" start="2024-11-21T18:55:27.434452" elapsed="0.000000"/>
</kw>
<kw name="Set Suite Variable" owner="BuiltIn">
<msg time="2024-11-21T18:55:27.435450" level="INFO">${URL} = https://www.saucedemo.com/</msg>
<arg>${URL}</arg>
<arg>${user_data}[0]</arg>
<doc>Makes a variable available everywhere within the scope of the current suite.</doc>
<status status="PASS" start="2024-11-21T18:55:27.434452" elapsed="0.000998"/>
</kw>
<kw name="Set Suite Variable" owner="BuiltIn">
<msg time="2024-11-21T18:55:27.436456" level="INFO">${SCREENSHOT_PATH} = D:/Aperture/Sauce Demo Screenshots</msg>
<arg>${SCREENSHOT_PATH}</arg>
<arg>${user_data}[1]</arg>
<doc>Makes a variable available everywhere within the scope of the current suite.</doc>
<status status="PASS" start="2024-11-21T18:55:27.435450" elapsed="0.001006"/>
</kw>
<kw name="Set Suite Variable" owner="BuiltIn">
<msg time="2024-11-21T18:55:27.437449" level="INFO">${USERNAME} = standard_user</msg>
<arg>${USERNAME}</arg>
<arg>${user_data}[2]</arg>
<doc>Makes a variable available everywhere within the scope of the current suite.</doc>
<status status="PASS" start="2024-11-21T18:55:27.436456" elapsed="0.000993"/>
</kw>
<kw name="Set Suite Variable" owner="BuiltIn">
<msg time="2024-11-21T18:55:27.437449" level="INFO">${PASSWORD} = secret_sauce</msg>
<arg>${PASSWORD}</arg>
<arg>${user_data}[3]</arg>
<doc>Makes a variable available everywhere within the scope of the current suite.</doc>
<status status="PASS" start="2024-11-21T18:55:27.437449" elapsed="0.000000"/>
</kw>
<kw name="Set Suite Variable" owner="BuiltIn">
<msg time="2024-11-21T18:55:27.438451" level="INFO">${FIRST_NAME} = Emily</msg>
<arg>${FIRST_NAME}</arg>
<arg>${user_data}[4]</arg>
<doc>Makes a variable available everywhere within the scope of the current suite.</doc>
<status status="PASS" start="2024-11-21T18:55:27.437449" elapsed="0.001002"/>
</kw>
<kw name="Set Suite Variable" owner="BuiltIn">
<msg time="2024-11-21T18:55:27.439449" level="INFO">${LAST_NAME} = Lim</msg>
<arg>${LAST_NAME}</arg>
<arg>${user_data}[5]</arg>
<doc>Makes a variable available everywhere within the scope of the current suite.</doc>
<status status="PASS" start="2024-11-21T18:55:27.438451" elapsed="0.000998"/>
</kw>
<kw name="Set Suite Variable" owner="BuiltIn">
<msg time="2024-11-21T18:55:27.440451" level="INFO">${POSTAL_CODE} = 12345</msg>
<arg>${POSTAL_CODE}</arg>
<arg>${user_data}[6]</arg>
<doc>Makes a variable available everywhere within the scope of the current suite.</doc>
<status status="PASS" start="2024-11-21T18:55:27.439449" elapsed="0.001002"/>
</kw>
<kw name="Set Suite Variable" owner="BuiltIn">
<msg time="2024-11-21T18:55:27.442450" level="INFO">${TAX_RATE} = 0.08</msg>
<arg>${TAX_RATE}</arg>
<arg>${user_data}[7]</arg>
<doc>Makes a variable available everywhere within the scope of the current suite.</doc>
<status status="PASS" start="2024-11-21T18:55:27.441451" elapsed="0.000999"/>
</kw>
<kw name="Set Suite Variable" owner="BuiltIn">
<msg time="2024-11-21T18:55:27.443451" level="INFO">${COMPLETE_HEADER} = Thank you for your order!</msg>
<arg>${COMPLETE_HEADER}</arg>
<arg>${user_data}[8]</arg>
<doc>Makes a variable available everywhere within the scope of the current suite.</doc>
<status status="PASS" start="2024-11-21T18:55:27.442450" elapsed="0.001001"/>
</kw>
<kw name="Set Suite Variable" owner="BuiltIn">
<msg time="2024-11-21T18:55:27.445450" level="INFO">${COMPLETE_TEXT} = Your order has been dispatched, and will arrive just as fast as the pony can get there!</msg>
<arg>${COMPLETE_TEXT}</arg>
<arg>${user_data}[9]</arg>
<doc>Makes a variable available everywhere within the scope of the current suite.</doc>
<status status="PASS" start="2024-11-21T18:55:27.444451" elapsed="0.000999"/>
</kw>
<kw name="Set Suite Variable" owner="BuiltIn">
<msg time="2024-11-21T18:55:27.446450" level="INFO">${BACKHOME_BUTTON_LABEL} = Back Home</msg>
<arg>${BACKHOME_BUTTON_LABEL}</arg>
<arg>${user_data}[10]</arg>
<doc>Makes a variable available everywhere within the scope of the current suite.</doc>
<status status="PASS" start="2024-11-21T18:55:27.445450" elapsed="0.001000"/>
</kw>
<kw name="Open Browser" owner="SeleniumLibrary">
<msg time="2024-11-21T18:55:27.447555" level="INFO">Opening browser 'chrome' to base url 'https://www.saucedemo.com/'.</msg>
<arg>${URL}</arg>
<arg>chrome</arg>
<doc>Opens a new browser instance to the optional ``url``.</doc>
<status status="PASS" start="2024-11-21T18:55:27.447555" elapsed="2.517916"/>
</kw>
<kw name="Maximize Browser Window" owner="SeleniumLibrary">
<doc>Maximizes current browser window.</doc>
<status status="PASS" start="2024-11-21T18:55:29.966467" elapsed="0.038297"/>
</kw>
<kw name="Take Custom Screenshot" owner="common_keywords">
<kw name="Get Current Date" owner="DateTime">
<msg time="2024-11-21T18:55:30.007767" level="INFO">${timestamp} = 2024-11-21_18-55-30</msg>
<var>${timestamp}</var>
<arg>result_format=%Y-%m-%d_%H-%M-%S</arg>
<doc>Returns current local or UTC time with an optional increment.</doc>
<status status="PASS" start="2024-11-21T18:55:30.006772" elapsed="0.000995"/>
</kw>
<kw name="Set Variable" owner="BuiltIn">
<msg time="2024-11-21T18:55:30.009838" level="INFO">${filename} = D:/Aperture/Sauce Demo Screenshots/2024-11-21_18-55-30_Login_Page_Loaded.png</msg>
<var>${filename}</var>
<arg>${SCREENSHOT_PATH}/${timestamp}_${step_name.replace(" ", "_")}.png</arg>
<doc>Returns the given values which can then be assigned to a variables.</doc>
<status status="PASS" start="2024-11-21T18:55:30.007767" elapsed="0.002071"/>
</kw>
<kw name="Create Directory" owner="OperatingSystem">
<msg time="2024-11-21T18:55:30.010765" level="INFO" html="true">Directory '&lt;a href="file://D:\Aperture\Sauce Demo Screenshots"&gt;D:\Aperture\Sauce Demo Screenshots&lt;/a&gt;' already exists.</msg>
<arg>${SCREENSHOT_PATH}</arg>
<doc>Creates the specified directory.</doc>
<status status="PASS" start="2024-11-21T18:55:30.009838" elapsed="0.000927"/>
</kw>
<kw name="Capture Page Screenshot" owner="SeleniumLibrary">
<msg time="2024-11-21T18:55:30.156330" level="INFO" html="true">&lt;/td&gt;&lt;/tr&gt;&lt;tr&gt;&lt;td colspan="3"&gt;&lt;a href="../Sauce%20Demo%20Screenshots/2024-11-21_18-55-30_Login_Page_Loaded.png"&gt;&lt;img src="../Sauce%20Demo%20Screenshots/2024-11-21_18-55-30_Login_Page_Loaded.png" width="800px"&gt;&lt;/a&gt;</msg>
<arg>${filename}</arg>
<doc>Takes a screenshot of the current page and embeds it into a log file.</doc>
<status status="PASS" start="2024-11-21T18:55:30.010765" elapsed="0.145565"/>
</kw>
<kw name="Log" owner="BuiltIn">
<msg time="2024-11-21T18:55:30.156330" level="INFO">Saved screenshot: D:/Aperture/Sauce Demo Screenshots/2024-11-21_18-55-30_Login_Page_Loaded.png</msg>
<arg>Saved screenshot: ${filename}</arg>
<doc>Logs the given message with the given level.</doc>
<status status="PASS" start="2024-11-21T18:55:30.156330" elapsed="0.000000"/>
</kw>
<arg>Login Page Loaded</arg>
<status status="PASS" start="2024-11-21T18:55:30.004764" elapsed="0.151566"/>
</kw>
<kw name="Run Keyword And Continue On Failure" owner="BuiltIn">
<kw name="Login To Application" owner="common_keywords">
<kw name="Input Text" owner="SeleniumLibrary">
<msg time="2024-11-21T18:55:30.157412" level="INFO">Typing text 'standard_user' into text field 'id:user-name'.</msg>
<arg>id:user-name</arg>
<arg>${username}</arg>
<doc>Types the given ``text`` into the text field identified by ``locator``.</doc>
<status status="PASS" start="2024-11-21T18:55:30.157412" elapsed="0.169341"/>
</kw>
<kw name="Input Text" owner="SeleniumLibrary">
<msg time="2024-11-21T18:55:30.327783" level="INFO">Typing text 'secret_sauce' into text field 'id:password'.</msg>
<arg>id:password</arg>
<arg>${password}</arg>
<doc>Types the given ``text`` into the text field identified by ``locator``.</doc>
<status status="PASS" start="2024-11-21T18:55:30.327783" elapsed="0.138146"/>
</kw>
<kw name="Take Custom Screenshot" owner="common_keywords">
<kw name="Get Current Date" owner="DateTime">
<msg time="2024-11-21T18:55:30.467314" level="INFO">${timestamp} = 2024-11-21_18-55-30</msg>
<var>${timestamp}</var>
<arg>result_format=%Y-%m-%d_%H-%M-%S</arg>
<doc>Returns current local or UTC time with an optional increment.</doc>
<status status="PASS" start="2024-11-21T18:55:30.467314" elapsed="0.000000"/>
</kw>
<kw name="Set Variable" owner="BuiltIn">
<msg time="2024-11-21T18:55:30.469835" level="INFO">${filename} = D:/Aperture/Sauce Demo Screenshots/2024-11-21_18-55-30_Login_Info.png</msg>
<var>${filename}</var>
<arg>${SCREENSHOT_PATH}/${timestamp}_${step_name.replace(" ", "_")}.png</arg>
<doc>Returns the given values which can then be assigned to a variables.</doc>
<status status="PASS" start="2024-11-21T18:55:30.468327" elapsed="0.001508"/>
</kw>
<kw name="Create Directory" owner="OperatingSystem">
<msg time="2024-11-21T18:55:30.469835" level="INFO" html="true">Directory '&lt;a href="file://D:\Aperture\Sauce Demo Screenshots"&gt;D:\Aperture\Sauce Demo Screenshots&lt;/a&gt;' already exists.</msg>
<arg>${SCREENSHOT_PATH}</arg>
<doc>Creates the specified directory.</doc>
<status status="PASS" start="2024-11-21T18:55:30.469835" elapsed="0.001010"/>
</kw>
<kw name="Capture Page Screenshot" owner="SeleniumLibrary">
<msg time="2024-11-21T18:55:30.587269" level="INFO" html="true">&lt;/td&gt;&lt;/tr&gt;&lt;tr&gt;&lt;td colspan="3"&gt;&lt;a href="../Sauce%20Demo%20Screenshots/2024-11-21_18-55-30_Login_Info.png"&gt;&lt;img src="../Sauce%20Demo%20Screenshots/2024-11-21_18-55-30_Login_Info.png" width="800px"&gt;&lt;/a&gt;</msg>
<arg>${filename}</arg>
<doc>Takes a screenshot of the current page and embeds it into a log file.</doc>
<status status="PASS" start="2024-11-21T18:55:30.470845" elapsed="0.116424"/>
</kw>
<kw name="Log" owner="BuiltIn">
<msg time="2024-11-21T18:55:30.588268" level="INFO">Saved screenshot: D:/Aperture/Sauce Demo Screenshots/2024-11-21_18-55-30_Login_Info.png</msg>
<arg>Saved screenshot: ${filename}</arg>
<doc>Logs the given message with the given level.</doc>
<status status="PASS" start="2024-11-21T18:55:30.588268" elapsed="0.000000"/>
</kw>
<arg>Login Info</arg>
<status status="PASS" start="2024-11-21T18:55:30.465929" elapsed="0.122339"/>
</kw>
<kw name="Click Button" owner="SeleniumLibrary">
<msg time="2024-11-21T18:55:30.588268" level="INFO">Clicking button 'id:login-button'.</msg>
<arg>id:login-button</arg>
<doc>Clicks the button identified by ``locator``.</doc>
<status status="PASS" start="2024-11-21T18:55:30.588268" elapsed="0.110036"/>
</kw>
<kw name="Wait Until Element Is Visible" owner="SeleniumLibrary">
<arg>css:.app_logo</arg>
<arg>timeout=20s</arg>
<doc>Waits until the element ``locator`` is visible.</doc>
<status status="PASS" start="2024-11-21T18:55:30.698304" elapsed="0.031620"/>
</kw>
<kw name="Page Should Contain Element" owner="SeleniumLibrary">
<msg time="2024-11-21T18:55:30.745000" level="INFO">Current page contains element 'css:.inventory_list'.</msg>
<arg>css:.inventory_list</arg>
<doc>Verifies that element ``locator`` is found on the current page.</doc>
<status status="PASS" start="2024-11-21T18:55:30.729924" elapsed="0.015076"/>
</kw>
<arg>${USERNAME}</arg>
<arg>${PASSWORD}</arg>
<status status="PASS" start="2024-11-21T18:55:30.157412" elapsed="0.587588"/>
</kw>
<arg>Login To Application</arg>
<arg>${USERNAME}</arg>
<arg>${PASSWORD}</arg>
<doc>Runs the keyword and continues execution even if a failure occurs.</doc>
<status status="PASS" start="2024-11-21T18:55:30.156330" elapsed="0.588670"/>
</kw>
<kw name="Take Custom Screenshot" owner="common_keywords">
<kw name="Get Current Date" owner="DateTime">
<msg time="2024-11-21T18:55:30.746012" level="INFO">${timestamp} = 2024-11-21_18-55-30</msg>
<var>${timestamp}</var>
<arg>result_format=%Y-%m-%d_%H-%M-%S</arg>
<doc>Returns current local or UTC time with an optional increment.</doc>
<status status="PASS" start="2024-11-21T18:55:30.746012" elapsed="0.000988"/>
</kw>
<kw name="Set Variable" owner="BuiltIn">
<msg time="2024-11-21T18:55:30.747000" level="INFO">${filename} = D:/Aperture/Sauce Demo Screenshots/2024-11-21_18-55-30_After_Login.png</msg>
<var>${filename}</var>
<arg>${SCREENSHOT_PATH}/${timestamp}_${step_name.replace(" ", "_")}.png</arg>
<doc>Returns the given values which can then be assigned to a variables.</doc>
<status status="PASS" start="2024-11-21T18:55:30.747000" elapsed="0.000000"/>
</kw>
<kw name="Create Directory" owner="OperatingSystem">
<msg time="2024-11-21T18:55:30.748018" level="INFO" html="true">Directory '&lt;a href="file://D:\Aperture\Sauce Demo Screenshots"&gt;D:\Aperture\Sauce Demo Screenshots&lt;/a&gt;' already exists.</msg>
<arg>${SCREENSHOT_PATH}</arg>
<doc>Creates the specified directory.</doc>
<status status="PASS" start="2024-11-21T18:55:30.748018" elapsed="0.000000"/>
</kw>
<kw name="Capture Page Screenshot" owner="SeleniumLibrary">
<msg time="2024-11-21T18:55:30.993092" level="INFO" html="true">&lt;/td&gt;&lt;/tr&gt;&lt;tr&gt;&lt;td colspan="3"&gt;&lt;a href="../Sauce%20Demo%20Screenshots/2024-11-21_18-55-30_After_Login.png"&gt;&lt;img src="../Sauce%20Demo%20Screenshots/2024-11-21_18-55-30_After_Login.png" width="800px"&gt;&lt;/a&gt;</msg>
<arg>${filename}</arg>
<doc>Takes a screenshot of the current page and embeds it into a log file.</doc>
<status status="PASS" start="2024-11-21T18:55:30.748018" elapsed="0.245074"/>
</kw>
<kw name="Log" owner="BuiltIn">
<msg time="2024-11-21T18:55:30.993092" level="INFO">Saved screenshot: D:/Aperture/Sauce Demo Screenshots/2024-11-21_18-55-30_After_Login.png</msg>
<arg>Saved screenshot: ${filename}</arg>
<doc>Logs the given message with the given level.</doc>
<status status="PASS" start="2024-11-21T18:55:30.993092" elapsed="0.000000"/>
</kw>
<arg>After Login</arg>
<status status="PASS" start="2024-11-21T18:55:30.746012" elapsed="0.247080"/>
</kw>
<for flavor="IN">
<iter>
<kw name="Add Item To Cart" owner="cart_keywords">
<kw name="Set Variable" owner="BuiltIn">
<msg time="2024-11-21T18:55:30.996330" level="INFO">${item_container} = css:.inventory_item:nth-child(1)</msg>
<var>${item_container}</var>
<arg>css:.inventory_item:nth-child(${${index} + 1})</arg>
<doc>Returns the given values which can then be assigned to a variables.</doc>
<status status="PASS" start="2024-11-21T18:55:30.995329" elapsed="0.001001"/>
</kw>
<kw name="Get Text" owner="SeleniumLibrary">
<msg time="2024-11-21T18:55:31.020681" level="INFO">${item_name} = Sauce Labs Backpack</msg>
<var>${item_name}</var>
<arg>${item_container} .inventory_item_name</arg>
<doc>Returns the text value of the element identified by ``locator``.</doc>
<status status="PASS" start="2024-11-21T18:55:30.996330" elapsed="0.024351"/>
</kw>
<kw name="Get Text" owner="SeleniumLibrary">
<msg time="2024-11-21T18:55:31.036295" level="INFO">${item_price} = $29.99</msg>
<var>${item_price}</var>
<arg>${item_container} .inventory_item_price</arg>
<doc>Returns the text value of the element identified by ``locator``.</doc>
<status status="PASS" start="2024-11-21T18:55:31.020681" elapsed="0.015614"/>
</kw>
<kw name="Get WebElement" owner="SeleniumLibrary">
<msg time="2024-11-21T18:55:31.049305" level="INFO">${add_to_cart_button} = &lt;selenium.webdriver.remote.webelement.WebElement (session="67cae1d017175a0c7afadb265637b4d5", element="f.C3AFE42B7C30A55F003B1C43F606BA59.d.A88114ACDBA5FE4850DB07406D0CA1B1.e.37")&gt;</msg>
<var>${add_to_cart_button}</var>
<arg>${item_container} button[id^='add-to-cart']</arg>
<doc>Returns the first WebElement matching the given ``locator``.</doc>
<status status="PASS" start="2024-11-21T18:55:31.036295" elapsed="0.013010"/>
</kw>
<kw name="Click Button" owner="SeleniumLibrary">
<msg time="2024-11-21T18:55:31.050303" level="INFO">Clicking button '&lt;selenium.webdriver.remote.webelement.WebElement (session="67cae1d017175a0c7afadb265637b4d5", element="f.C3AFE42B7C30A55F003B1C43F606BA59.d.A88114ACDBA5FE4850DB07406D0CA1B1.e.37")&gt;'.</msg>
<arg>${add_to_cart_button}</arg>
<doc>Clicks the button identified by ``locator``.</doc>
<status status="PASS" start="2024-11-21T18:55:31.050303" elapsed="0.040427"/>
</kw>
<kw name="Create Dictionary" owner="BuiltIn">
<msg time="2024-11-21T18:55:31.092196" level="INFO">${item_details} = {'name': 'Sauce Labs Backpack', 'price': '$29.99', 'index': '0'}</msg>
<var>${item_details}</var>
<arg>name=${item_name}</arg>
<arg>price=${item_price}</arg>
<arg>index=${index}</arg>
<doc>Creates and returns a dictionary based on the given ``items``.</doc>
<status status="PASS" start="2024-11-21T18:55:31.092196" elapsed="0.000000"/>
</kw>
<kw name="Append To List" owner="Collections">
<arg>${EXPECTED_ITEMS}</arg>
<arg>${item_details}</arg>
<doc>Adds ``values`` to the end of ``list``.</doc>
<status status="PASS" start="2024-11-21T18:55:31.092196" elapsed="0.001019"/>
</kw>
<kw name="Log" owner="BuiltIn">
<msg time="2024-11-21T18:55:31.093215" level="INFO">Added item: Sauce Labs Backpack, Price: $29.99</msg>
<arg>Added item: ${item_name}, Price: ${item_price}</arg>
<doc>Logs the given message with the given level.</doc>
<status status="PASS" start="2024-11-21T18:55:31.093215" elapsed="0.000000"/>
</kw>
<kw name="Log" owner="BuiltIn">
<msg time="2024-11-21T18:55:31.093215" level="INFO">Current cart items: [{'name': 'Sauce Labs Backpack', 'price': '$29.99', 'index': '0'}]</msg>
<arg>Current cart items: ${EXPECTED_ITEMS}</arg>
<doc>Logs the given message with the given level.</doc>
<status status="PASS" start="2024-11-21T18:55:31.093215" elapsed="0.000000"/>
</kw>
<arg>${index}</arg>
<status status="PASS" start="2024-11-21T18:55:30.994322" elapsed="0.099882"/>
</kw>
<kw name="Take Custom Screenshot" owner="common_keywords">
<kw name="Get Current Date" owner="DateTime">
<msg time="2024-11-21T18:55:31.095218" level="INFO">${timestamp} = 2024-11-21_18-55-31</msg>
<var>${timestamp}</var>
<arg>result_format=%Y-%m-%d_%H-%M-%S</arg>
<doc>Returns current local or UTC time with an optional increment.</doc>
<status status="PASS" start="2024-11-21T18:55:31.094204" elapsed="0.001014"/>
</kw>
<kw name="Set Variable" owner="BuiltIn">
<msg time="2024-11-21T18:55:31.096212" level="INFO">${filename} = D:/Aperture/Sauce Demo Screenshots/2024-11-21_18-55-31_After_Adding_Item_Index_0.png</msg>
<var>${filename}</var>
<arg>${SCREENSHOT_PATH}/${timestamp}_${step_name.replace(" ", "_")}.png</arg>
<doc>Returns the given values which can then be assigned to a variables.</doc>
<status status="PASS" start="2024-11-21T18:55:31.095218" elapsed="0.000994"/>
</kw>
<kw name="Create Directory" owner="OperatingSystem">
<msg time="2024-11-21T18:55:31.096212" level="INFO" html="true">Directory '&lt;a href="file://D:\Aperture\Sauce Demo Screenshots"&gt;D:\Aperture\Sauce Demo Screenshots&lt;/a&gt;' already exists.</msg>
<arg>${SCREENSHOT_PATH}</arg>
<doc>Creates the specified directory.</doc>
<status status="PASS" start="2024-11-21T18:55:31.096212" elapsed="0.000000"/>
</kw>
<kw name="Capture Page Screenshot" owner="SeleniumLibrary">
<msg time="2024-11-21T18:55:31.247566" level="INFO" html="true">&lt;/td&gt;&lt;/tr&gt;&lt;tr&gt;&lt;td colspan="3"&gt;&lt;a href="../Sauce%20Demo%20Screenshots/2024-11-21_18-55-31_After_Adding_Item_Index_0.png"&gt;&lt;img src="../Sauce%20Demo%20Screenshots/2024-11-21_18-55-31_After_Adding_Item_Index_0.png" width="800px"&gt;&lt;/a&gt;</msg>
<arg>${filename}</arg>
<doc>Takes a screenshot of the current page and embeds it into a log file.</doc>
<status status="PASS" start="2024-11-21T18:55:31.097205" elapsed="0.151353"/>
</kw>
<kw name="Log" owner="BuiltIn">
<msg time="2024-11-21T18:55:31.248558" level="INFO">Saved screenshot: D:/Aperture/Sauce Demo Screenshots/2024-11-21_18-55-31_After_Adding_Item_Index_0.png</msg>
<arg>Saved screenshot: ${filename}</arg>
<doc>Logs the given message with the given level.</doc>
<status status="PASS" start="2024-11-21T18:55:31.248558" elapsed="0.000000"/>
</kw>
<arg>After Adding Item Index ${index}</arg>
<status status="PASS" start="2024-11-21T18:55:31.094204" elapsed="0.154354"/>
</kw>
<var name="${index}">0</var>
<status status="PASS" start="2024-11-21T18:55:30.994322" elapsed="0.254236"/>
</iter>
<iter>
<kw name="Add Item To Cart" owner="cart_keywords">
<kw name="Set Variable" owner="BuiltIn">
<msg time="2024-11-21T18:55:31.250557" level="INFO">${item_container} = css:.inventory_item:nth-child(2)</msg>
<var>${item_container}</var>
<arg>css:.inventory_item:nth-child(${${index} + 1})</arg>
<doc>Returns the given values which can then be assigned to a variables.</doc>
<status status="PASS" start="2024-11-21T18:55:31.249557" elapsed="0.001000"/>
</kw>
<kw name="Get Text" owner="SeleniumLibrary">
<msg time="2024-11-21T18:55:31.268960" level="INFO">${item_name} = Sauce Labs Bike Light</msg>
<var>${item_name}</var>
<arg>${item_container} .inventory_item_name</arg>
<doc>Returns the text value of the element identified by ``locator``.</doc>
<status status="PASS" start="2024-11-21T18:55:31.250557" elapsed="0.018403"/>
</kw>
<kw name="Get Text" owner="SeleniumLibrary">
<msg time="2024-11-21T18:55:31.288599" level="INFO">${item_price} = $9.99</msg>
<var>${item_price}</var>
<arg>${item_container} .inventory_item_price</arg>
<doc>Returns the text value of the element identified by ``locator``.</doc>
<status status="PASS" start="2024-11-21T18:55:31.268960" elapsed="0.019639"/>
</kw>
<kw name="Get WebElement" owner="SeleniumLibrary">
<msg time="2024-11-21T18:55:31.298609" level="INFO">${add_to_cart_button} = &lt;selenium.webdriver.remote.webelement.WebElement (session="67cae1d017175a0c7afadb265637b4d5", element="f.C3AFE42B7C30A55F003B1C43F606BA59.d.A88114ACDBA5FE4850DB07406D0CA1B1.e.40")&gt;</msg>
<var>${add_to_cart_button}</var>
<arg>${item_container} button[id^='add-to-cart']</arg>
<doc>Returns the first WebElement matching the given ``locator``.</doc>
<status status="PASS" start="2024-11-21T18:55:31.288599" elapsed="0.010010"/>
</kw>
<kw name="Click Button" owner="SeleniumLibrary">
<msg time="2024-11-21T18:55:31.299607" level="INFO">Clicking button '&lt;selenium.webdriver.remote.webelement.WebElement (session="67cae1d017175a0c7afadb265637b4d5", element="f.C3AFE42B7C30A55F003B1C43F606BA59.d.A88114ACDBA5FE4850DB07406D0CA1B1.e.40")&gt;'.</msg>
<arg>${add_to_cart_button}</arg>
<doc>Clicks the button identified by ``locator``.</doc>
<status status="PASS" start="2024-11-21T18:55:31.298609" elapsed="0.026993"/>
</kw>
<kw name="Create Dictionary" owner="BuiltIn">
<msg time="2024-11-21T18:55:31.325602" level="INFO">${item_details} = {'name': 'Sauce Labs Bike Light', 'price': '$9.99', 'index': '1'}</msg>
<var>${item_details}</var>
<arg>name=${item_name}</arg>
<arg>price=${item_price}</arg>
<arg>index=${index}</arg>
<doc>Creates and returns a dictionary based on the given ``items``.</doc>
<status status="PASS" start="2024-11-21T18:55:31.325602" elapsed="0.000000"/>
</kw>
<kw name="Append To List" owner="Collections">
<arg>${EXPECTED_ITEMS}</arg>
<arg>${item_details}</arg>
<doc>Adds ``values`` to the end of ``list``.</doc>
<status status="PASS" start="2024-11-21T18:55:31.326601" elapsed="0.000000"/>
</kw>
<kw name="Log" owner="BuiltIn">
<msg time="2024-11-21T18:55:31.326601" level="INFO">Added item: Sauce Labs Bike Light, Price: $9.99</msg>
<arg>Added item: ${item_name}, Price: ${item_price}</arg>
<doc>Logs the given message with the given level.</doc>
<status status="PASS" start="2024-11-21T18:55:31.326601" elapsed="0.000000"/>
</kw>
<kw name="Log" owner="BuiltIn">
<msg time="2024-11-21T18:55:31.327598" level="INFO">Current cart items: [{'name': 'Sauce Labs Backpack', 'price': '$29.99', 'index': '0'}, {'name': 'Sauce Labs Bike Light', 'price': '$9.99', 'index': '1'}]</msg>
<arg>Current cart items: ${EXPECTED_ITEMS}</arg>
<doc>Logs the given message with the given level.</doc>
<status status="PASS" start="2024-11-21T18:55:31.326601" elapsed="0.000997"/>
</kw>
<arg>${index}</arg>
<status status="PASS" start="2024-11-21T18:55:31.249557" elapsed="0.078041"/>
</kw>
<kw name="Take Custom Screenshot" owner="common_keywords">
<kw name="Get Current Date" owner="DateTime">
<msg time="2024-11-21T18:55:31.328599" level="INFO">${timestamp} = 2024-11-21_18-55-31</msg>
<var>${timestamp}</var>
<arg>result_format=%Y-%m-%d_%H-%M-%S</arg>
<doc>Returns current local or UTC time with an optional increment.</doc>
<status status="PASS" start="2024-11-21T18:55:31.327598" elapsed="0.001001"/>
</kw>
<kw name="Set Variable" owner="BuiltIn">
<msg time="2024-11-21T18:55:31.329609" level="INFO">${filename} = D:/Aperture/Sauce Demo Screenshots/2024-11-21_18-55-31_After_Adding_Item_Index_1.png</msg>
<var>${filename}</var>
<arg>${SCREENSHOT_PATH}/${timestamp}_${step_name.replace(" ", "_")}.png</arg>
<doc>Returns the given values which can then be assigned to a variables.</doc>
<status status="PASS" start="2024-11-21T18:55:31.328599" elapsed="0.001010"/>
</kw>
<kw name="Create Directory" owner="OperatingSystem">
<msg time="2024-11-21T18:55:31.330599" level="INFO" html="true">Directory '&lt;a href="file://D:\Aperture\Sauce Demo Screenshots"&gt;D:\Aperture\Sauce Demo Screenshots&lt;/a&gt;' already exists.</msg>
<arg>${SCREENSHOT_PATH}</arg>
<doc>Creates the specified directory.</doc>
<status status="PASS" start="2024-11-21T18:55:31.329609" elapsed="0.000990"/>
</kw>
<kw name="Capture Page Screenshot" owner="SeleniumLibrary">
<msg time="2024-11-21T18:55:31.502757" level="INFO" html="true">&lt;/td&gt;&lt;/tr&gt;&lt;tr&gt;&lt;td colspan="3"&gt;&lt;a href="../Sauce%20Demo%20Screenshots/2024-11-21_18-55-31_After_Adding_Item_Index_1.png"&gt;&lt;img src="../Sauce%20Demo%20Screenshots/2024-11-21_18-55-31_After_Adding_Item_Index_1.png" width="800px"&gt;&lt;/a&gt;</msg>
<arg>${filename}</arg>
<doc>Takes a screenshot of the current page and embeds it into a log file.</doc>
<status status="PASS" start="2024-11-21T18:55:31.330599" elapsed="0.172158"/>
</kw>
<kw name="Log" owner="BuiltIn">
<msg time="2024-11-21T18:55:31.502757" level="INFO">Saved screenshot: D:/Aperture/Sauce Demo Screenshots/2024-11-21_18-55-31_After_Adding_Item_Index_1.png</msg>
<arg>Saved screenshot: ${filename}</arg>
<doc>Logs the given message with the given level.</doc>
<status status="PASS" start="2024-11-21T18:55:31.502757" elapsed="0.000000"/>
</kw>
<arg>After Adding Item Index ${index}</arg>
<status status="PASS" start="2024-11-21T18:55:31.327598" elapsed="0.175159"/>
</kw>
<var name="${index}">1</var>
<status status="PASS" start="2024-11-21T18:55:31.248558" elapsed="0.254199"/>
</iter>
<iter>
<kw name="Add Item To Cart" owner="cart_keywords">
<kw name="Set Variable" owner="BuiltIn">
<msg time="2024-11-21T18:55:31.504750" level="INFO">${item_container} = css:.inventory_item:nth-child(3)</msg>
<var>${item_container}</var>
<arg>css:.inventory_item:nth-child(${${index} + 1})</arg>
<doc>Returns the given values which can then be assigned to a variables.</doc>
<status status="PASS" start="2024-11-21T18:55:31.503751" elapsed="0.000999"/>
</kw>
<kw name="Get Text" owner="SeleniumLibrary">
<msg time="2024-11-21T18:55:31.525751" level="INFO">${item_name} = Sauce Labs Bolt T-Shirt</msg>
<var>${item_name}</var>
<arg>${item_container} .inventory_item_name</arg>
<doc>Returns the text value of the element identified by ``locator``.</doc>
<status status="PASS" start="2024-11-21T18:55:31.504750" elapsed="0.021001"/>
</kw>
<kw name="Get Text" owner="SeleniumLibrary">
<msg time="2024-11-21T18:55:31.544019" level="INFO">${item_price} = $15.99</msg>
<var>${item_price}</var>
<arg>${item_container} .inventory_item_price</arg>
<doc>Returns the text value of the element identified by ``locator``.</doc>
<status status="PASS" start="2024-11-21T18:55:31.525751" elapsed="0.018268"/>
</kw>
<kw name="Get WebElement" owner="SeleniumLibrary">
<msg time="2024-11-21T18:55:31.553441" level="INFO">${add_to_cart_button} = &lt;selenium.webdriver.remote.webelement.WebElement (session="67cae1d017175a0c7afadb265637b4d5", element="f.C3AFE42B7C30A55F003B1C43F606BA59.d.A88114ACDBA5FE4850DB07406D0CA1B1.e.43")&gt;</msg>
<var>${add_to_cart_button}</var>
<arg>${item_container} button[id^='add-to-cart']</arg>
<doc>Returns the first WebElement matching the given ``locator``.</doc>
<status status="PASS" start="2024-11-21T18:55:31.544019" elapsed="0.009422"/>
</kw>
<kw name="Click Button" owner="SeleniumLibrary">
<msg time="2024-11-21T18:55:31.553441" level="INFO">Clicking button '&lt;selenium.webdriver.remote.webelement.WebElement (session="67cae1d017175a0c7afadb265637b4d5", element="f.C3AFE42B7C30A55F003B1C43F606BA59.d.A88114ACDBA5FE4850DB07406D0CA1B1.e.43")&gt;'.</msg>
<arg>${add_to_cart_button}</arg>
<doc>Clicks the button identified by ``locator``.</doc>
<status status="PASS" start="2024-11-21T18:55:31.553441" elapsed="0.033622"/>
</kw>
<kw name="Create Dictionary" owner="BuiltIn">
<msg time="2024-11-21T18:55:31.588065" level="INFO">${item_details} = {'name': 'Sauce Labs Bolt T-Shirt', 'price': '$15.99', 'index': '2'}</msg>
<var>${item_details}</var>
<arg>name=${item_name}</arg>
<arg>price=${item_price}</arg>
<arg>index=${index}</arg>
<doc>Creates and returns a dictionary based on the given ``items``.</doc>
<status status="PASS" start="2024-11-21T18:55:31.587063" elapsed="0.001002"/>
</kw>
<kw name="Append To List" owner="Collections">
<arg>${EXPECTED_ITEMS}</arg>
<arg>${item_details}</arg>
<doc>Adds ``values`` to the end of ``list``.</doc>
<status status="PASS" start="2024-11-21T18:55:31.589081" elapsed="0.000000"/>
</kw>
<kw name="Log" owner="BuiltIn">
<msg time="2024-11-21T18:55:31.590063" level="INFO">Added item: Sauce Labs Bolt T-Shirt, Price: $15.99</msg>
<arg>Added item: ${item_name}, Price: ${item_price}</arg>
<doc>Logs the given message with the given level.</doc>
<status status="PASS" start="2024-11-21T18:55:31.589081" elapsed="0.000982"/>
</kw>
<kw name="Log" owner="BuiltIn">
<msg time="2024-11-21T18:55:31.590063" level="INFO">Current cart items: [{'name': 'Sauce Labs Backpack', 'price': '$29.99', 'index': '0'}, {'name': 'Sauce Labs Bike Light', 'price': '$9.99', 'index': '1'}, {'name': 'Sauce Labs Bolt T-Shirt', 'price': '$15.99', 'index': '2'}]</msg>
<arg>Current cart items: ${EXPECTED_ITEMS}</arg>
<doc>Logs the given message with the given level.</doc>
<status status="PASS" start="2024-11-21T18:55:31.590063" elapsed="0.000000"/>
</kw>
<arg>${index}</arg>
<status status="PASS" start="2024-11-21T18:55:31.503751" elapsed="0.086312"/>
</kw>
<kw name="Take Custom Screenshot" owner="common_keywords">
<kw name="Get Current Date" owner="DateTime">
<msg time="2024-11-21T18:55:31.591330" level="INFO">${timestamp} = 2024-11-21_18-55-31</msg>
<var>${timestamp}</var>
<arg>result_format=%Y-%m-%d_%H-%M-%S</arg>
<doc>Returns current local or UTC time with an optional increment.</doc>
<status status="PASS" start="2024-11-21T18:55:31.591330" elapsed="0.000000"/>
</kw>
<kw name="Set Variable" owner="BuiltIn">
<msg time="2024-11-21T18:55:31.592345" level="INFO">${filename} = D:/Aperture/Sauce Demo Screenshots/2024-11-21_18-55-31_After_Adding_Item_Index_2.png</msg>
<var>${filename}</var>
<arg>${SCREENSHOT_PATH}/${timestamp}_${step_name.replace(" ", "_")}.png</arg>
<doc>Returns the given values which can then be assigned to a variables.</doc>
<status status="PASS" start="2024-11-21T18:55:31.591330" elapsed="0.001015"/>
</kw>
<kw name="Create Directory" owner="OperatingSystem">
<msg time="2024-11-21T18:55:31.593346" level="INFO" html="true">Directory '&lt;a href="file://D:\Aperture\Sauce Demo Screenshots"&gt;D:\Aperture\Sauce Demo Screenshots&lt;/a&gt;' already exists.</msg>
<arg>${SCREENSHOT_PATH}</arg>
<doc>Creates the specified directory.</doc>
<status status="PASS" start="2024-11-21T18:55:31.592345" elapsed="0.001001"/>
</kw>
<kw name="Capture Page Screenshot" owner="SeleniumLibrary">
<msg time="2024-11-21T18:55:31.754056" level="INFO" html="true">&lt;/td&gt;&lt;/tr&gt;&lt;tr&gt;&lt;td colspan="3"&gt;&lt;a href="../Sauce%20Demo%20Screenshots/2024-11-21_18-55-31_After_Adding_Item_Index_2.png"&gt;&lt;img src="../Sauce%20Demo%20Screenshots/2024-11-21_18-55-31_After_Adding_Item_Index_2.png" width="800px"&gt;&lt;/a&gt;</msg>
<arg>${filename}</arg>
<doc>Takes a screenshot of the current page and embeds it into a log file.</doc>
<status status="PASS" start="2024-11-21T18:55:31.593346" elapsed="0.160710"/>
</kw>
<kw name="Log" owner="BuiltIn">
<msg time="2024-11-21T18:55:31.755047" level="INFO">Saved screenshot: D:/Aperture/Sauce Demo Screenshots/2024-11-21_18-55-31_After_Adding_Item_Index_2.png</msg>
<arg>Saved screenshot: ${filename}</arg>
<doc>Logs the given message with the given level.</doc>
<status status="PASS" start="2024-11-21T18:55:31.755047" elapsed="0.000000"/>
</kw>
<arg>After Adding Item Index ${index}</arg>
<status status="PASS" start="2024-11-21T18:55:31.590063" elapsed="0.164984"/>
</kw>
<var name="${index}">2</var>
<status status="PASS" start="2024-11-21T18:55:31.502757" elapsed="0.252290"/>
</iter>
<var>${index}</var>
<value>@{ITEM_INDEXES}</value>
<status status="PASS" start="2024-11-21T18:55:30.994322" elapsed="0.760725"/>
</for>
<kw name="Go To Shopping Cart" owner="cart_keywords">
<kw name="Click Element" owner="SeleniumLibrary">
<msg time="2024-11-21T18:55:31.757065" level="INFO">Clicking element 'css:.shopping_cart_link'.</msg>
<arg>css:.shopping_cart_link</arg>
<doc>Click the element identified by ``locator``.</doc>
<status status="PASS" start="2024-11-21T18:55:31.756048" elapsed="0.076316"/>
</kw>
<kw name="Wait Until Element Is Visible" owner="SeleniumLibrary">
<arg>css:.cart_list</arg>
<arg>timeout=20s</arg>
<doc>Waits until the element ``locator`` is visible.</doc>
<status status="PASS" start="2024-11-21T18:55:31.833360" elapsed="0.026861"/>
</kw>
<kw name="Page Should Contain Element" owner="SeleniumLibrary">
<msg time="2024-11-21T18:55:31.873451" level="INFO">Current page contains element 'css:.cart_item'.</msg>
<arg>css:.cart_item</arg>
<doc>Verifies that element ``locator`` is found on the current page.</doc>
<status status="PASS" start="2024-11-21T18:55:31.860221" elapsed="0.014217"/>
</kw>
<status status="PASS" start="2024-11-21T18:55:31.755047" elapsed="0.119391"/>
</kw>
<kw name="Take Custom Screenshot" owner="common_keywords">
<kw name="Get Current Date" owner="DateTime">
<msg time="2024-11-21T18:55:31.874438" level="INFO">${timestamp} = 2024-11-21_18-55-31</msg>
<var>${timestamp}</var>
<arg>result_format=%Y-%m-%d_%H-%M-%S</arg>
<doc>Returns current local or UTC time with an optional increment.</doc>
<status status="PASS" start="2024-11-21T18:55:31.874438" elapsed="0.000000"/>
</kw>
<kw name="Set Variable" owner="BuiltIn">
<msg time="2024-11-21T18:55:31.875436" level="INFO">${filename} = D:/Aperture/Sauce Demo Screenshots/2024-11-21_18-55-31_Shopping_Cart_Page_Loaded.png</msg>
<var>${filename}</var>
<arg>${SCREENSHOT_PATH}/${timestamp}_${step_name.replace(" ", "_")}.png</arg>
<doc>Returns the given values which can then be assigned to a variables.</doc>
<status status="PASS" start="2024-11-21T18:55:31.875436" elapsed="0.000000"/>
</kw>
<kw name="Create Directory" owner="OperatingSystem">
<msg time="2024-11-21T18:55:31.876438" level="INFO" html="true">Directory '&lt;a href="file://D:\Aperture\Sauce Demo Screenshots"&gt;D:\Aperture\Sauce Demo Screenshots&lt;/a&gt;' already exists.</msg>
<arg>${SCREENSHOT_PATH}</arg>
<doc>Creates the specified directory.</doc>
<status status="PASS" start="2024-11-21T18:55:31.875436" elapsed="0.001002"/>
</kw>
<kw name="Capture Page Screenshot" owner="SeleniumLibrary">
<msg time="2024-11-21T18:55:32.022111" level="INFO" html="true">&lt;/td&gt;&lt;/tr&gt;&lt;tr&gt;&lt;td colspan="3"&gt;&lt;a href="../Sauce%20Demo%20Screenshots/2024-11-21_18-55-31_Shopping_Cart_Page_Loaded.png"&gt;&lt;img src="../Sauce%20Demo%20Screenshots/2024-11-21_18-55-31_Shopping_Cart_Page_Loaded.png" width="800px"&gt;&lt;/a&gt;</msg>
<arg>${filename}</arg>
<doc>Takes a screenshot of the current page and embeds it into a log file.</doc>
<status status="PASS" start="2024-11-21T18:55:31.876438" elapsed="0.145673"/>
</kw>
<kw name="Log" owner="BuiltIn">
<msg time="2024-11-21T18:55:32.023190" level="INFO">Saved screenshot: D:/Aperture/Sauce Demo Screenshots/2024-11-21_18-55-31_Shopping_Cart_Page_Loaded.png</msg>
<arg>Saved screenshot: ${filename}</arg>
<doc>Logs the given message with the given level.</doc>
<status status="PASS" start="2024-11-21T18:55:32.022111" elapsed="0.001079"/>
</kw>
<arg>Shopping Cart Page Loaded</arg>
<status status="PASS" start="2024-11-21T18:55:31.874438" elapsed="0.148752"/>
</kw>
<kw name="Verify Cart Items Count" owner="cart_keywords">
<kw name="Get Text" owner="SeleniumLibrary">
<msg time="2024-11-21T18:55:32.041852" level="INFO">${cart_badge} = 3</msg>
<var>${cart_badge}</var>
<arg>css:.shopping_cart_badge</arg>
<doc>Returns the text value of the element identified by ``locator``.</doc>
<status status="PASS" start="2024-11-21T18:55:32.024211" elapsed="0.017641"/>
</kw>
<kw name="Should Be Equal As Numbers" owner="BuiltIn">
<arg>${cart_badge}</arg>
<arg>${expected_count}</arg>
<doc>Fails if objects are unequal after converting them to real numbers.</doc>
<status status="PASS" start="2024-11-21T18:55:32.041852" elapsed="0.000000"/>
</kw>
<arg>@{EXPECTED_COUNT}</arg>
<status status="PASS" start="2024-11-21T18:55:32.023190" elapsed="0.018662"/>
</kw>
<kw name="Verify Cart Contents" owner="cart_keywords">
<kw name="Get WebElements" owner="SeleniumLibrary">
<msg time="2024-11-21T18:55:32.051841" level="INFO">@{cart_items} = [ &lt;selenium.webdriver.remote.webelement.WebElement (session="67cae1d017175a0c7afadb265637b4d5", element="f.C3AFE42B7C30A55F003B1C43F606BA59.d.A88114ACDBA5FE4850DB07406D0CA1B1.e.54")&gt; | &lt;selenium.webdr...</msg>
<var>@{cart_items}</var>
<arg>css:.inventory_item_name</arg>
<doc>Returns a list of WebElement objects matching the ``locator``.</doc>
<status status="PASS" start="2024-11-21T18:55:32.042848" elapsed="0.008993"/>
</kw>
<kw name="Get WebElements" owner="SeleniumLibrary">
<msg time="2024-11-21T18:55:32.062867" level="INFO">@{cart_prices} = [ &lt;selenium.webdriver.remote.webelement.WebElement (session="67cae1d017175a0c7afadb265637b4d5", element="f.C3AFE42B7C30A55F003B1C43F606BA59.d.A88114ACDBA5FE4850DB07406D0CA1B1.e.57")&gt; | &lt;selenium.webdr...</msg>
<var>@{cart_prices}</var>
<arg>css:.inventory_item_price</arg>
<doc>Returns a list of WebElement objects matching the ``locator``.</doc>
<status status="PASS" start="2024-11-21T18:55:32.051841" elapsed="0.011026"/>
</kw>
<kw name="Set Variable" owner="BuiltIn">
<msg time="2024-11-21T18:55:32.063885" level="INFO">${total} = 0</msg>
<var>${total}</var>
<arg>${0}</arg>
<doc>Returns the given values which can then be assigned to a variables.</doc>
<status status="PASS" start="2024-11-21T18:55:32.062867" elapsed="0.001018"/>
</kw>
<for flavor="IN ENUMERATE">
<iter>
<kw name="Get Text" owner="SeleniumLibrary">
<msg time="2024-11-21T18:55:32.072940" level="INFO">${item_name} = Sauce Labs Backpack</msg>
<var>${item_name}</var>
<arg>${item}</arg>
<doc>Returns the text value of the element identified by ``locator``.</doc>
<status status="PASS" start="2024-11-21T18:55:32.063885" elapsed="0.009055"/>
</kw>
<kw name="Get From List" owner="Collections">
<msg time="2024-11-21T18:55:32.072940" level="INFO">${expected_item} = {'name': 'Sauce Labs Backpack', 'price': '$29.99', 'index': '0'}</msg>
<var>${expected_item}</var>
<arg>${EXPECTED_ITEMS}</arg>
<arg>${index}</arg>
<doc>Returns the value specified with an ``index`` from ``list``.</doc>
<status status="PASS" start="2024-11-21T18:55:32.072940" elapsed="0.000000"/>
</kw>
<kw name="Get From Dictionary" owner="Collections">
<msg time="2024-11-21T18:55:32.072940" level="INFO">${expected_name} = Sauce Labs Backpack</msg>
<var>${expected_name}</var>
<arg>${expected_item}</arg>
<arg>name</arg>
<doc>Returns a value from the given ``dictionary`` based on the given ``key``.</doc>
<status status="PASS" start="2024-11-21T18:55:32.072940" elapsed="0.000000"/>
</kw>
<kw name="Should Be Equal" owner="BuiltIn">
<arg>${item_name}</arg>
<arg>${expected_name}</arg>
<doc>Fails if the given objects are unequal.</doc>
<status status="PASS" start="2024-11-21T18:55:32.072940" elapsed="0.000995"/>
</kw>
<kw name="Log" owner="BuiltIn">
<msg time="2024-11-21T18:55:32.073935" level="INFO">Verified item name: Sauce Labs Backpack</msg>
<arg>Verified item name: ${item_name}</arg>
<doc>Logs the given message with the given level.</doc>
<status status="PASS" start="2024-11-21T18:55:32.073935" elapsed="0.000000"/>
</kw>
<var name="${index}">0</var>
<var name="${item}">&lt;selenium.webdriver.remote.webelement.WebElement (session="67cae1d017175a0c7afadb265637b4d5", element="f.C3AFE42B7C30A55F003B1C43F606BA59.d.A88114ACDBA5FE4850DB07406D0CA1B1.e.54")&gt;</var>
<status status="PASS" start="2024-11-21T18:55:32.063885" elapsed="0.010050"/>
</iter>
<iter>
<kw name="Get Text" owner="SeleniumLibrary">
<msg time="2024-11-21T18:55:32.080916" level="INFO">${item_name} = Sauce Labs Bike Light</msg>
<var>${item_name}</var>
<arg>${item}</arg>
<doc>Returns the text value of the element identified by ``locator``.</doc>
<status status="PASS" start="2024-11-21T18:55:32.073935" elapsed="0.006981"/>
</kw>
<kw name="Get From List" owner="Collections">
<msg time="2024-11-21T18:55:32.080916" level="INFO">${expected_item} = {'name': 'Sauce Labs Bike Light', 'price': '$9.99', 'index': '1'}</msg>
<var>${expected_item}</var>
<arg>${EXPECTED_ITEMS}</arg>
<arg>${index}</arg>
<doc>Returns the value specified with an ``index`` from ``list``.</doc>
<status status="PASS" start="2024-11-21T18:55:32.080916" elapsed="0.000000"/>
</kw>
<kw name="Get From Dictionary" owner="Collections">
<msg time="2024-11-21T18:55:32.081943" level="INFO">${expected_name} = Sauce Labs Bike Light</msg>
<var>${expected_name}</var>
<arg>${expected_item}</arg>
<arg>name</arg>
<doc>Returns a value from the given ``dictionary`` based on the given ``key``.</doc>
<status status="PASS" start="2024-11-21T18:55:32.081943" elapsed="0.000000"/>
</kw>
<kw name="Should Be Equal" owner="BuiltIn">
<arg>${item_name}</arg>
<arg>${expected_name}</arg>
<doc>Fails if the given objects are unequal.</doc>
<status status="PASS" start="2024-11-21T18:55:32.081943" elapsed="0.000000"/>
</kw>
<kw name="Log" owner="BuiltIn">
<msg time="2024-11-21T18:55:32.081943" level="INFO">Verified item name: Sauce Labs Bike Light</msg>
<arg>Verified item name: ${item_name}</arg>
<doc>Logs the given message with the given level.</doc>
<status status="PASS" start="2024-11-21T18:55:32.081943" elapsed="0.000000"/>
</kw>
<var name="${index}">1</var>
<var name="${item}">&lt;selenium.webdriver.remote.webelement.WebElement (session="67cae1d017175a0c7afadb265637b4d5", element="f.C3AFE42B7C30A55F003B1C43F606BA59.d.A88114ACDBA5FE4850DB07406D0CA1B1.e.55")&gt;</var>
<status status="PASS" start="2024-11-21T18:55:32.073935" elapsed="0.008999"/>
</iter>
<iter>
<kw name="Get Text" owner="SeleniumLibrary">
<msg time="2024-11-21T18:55:32.089940" level="INFO">${item_name} = Sauce Labs Bolt T-Shirt</msg>
<var>${item_name}</var>
<arg>${item}</arg>
<doc>Returns the text value of the element identified by ``locator``.</doc>
<status status="PASS" start="2024-11-21T18:55:32.082934" elapsed="0.007006"/>
</kw>
<kw name="Get From List" owner="Collections">
<msg time="2024-11-21T18:55:32.089940" level="INFO">${expected_item} = {'name': 'Sauce Labs Bolt T-Shirt', 'price': '$15.99', 'index': '2'}</msg>
<var>${expected_item}</var>
<arg>${EXPECTED_ITEMS}</arg>
<arg>${index}</arg>
<doc>Returns the value specified with an ``index`` from ``list``.</doc>
<status status="PASS" start="2024-11-21T18:55:32.089940" elapsed="0.000000"/>
</kw>
<kw name="Get From Dictionary" owner="Collections">
<msg time="2024-11-21T18:55:32.090935" level="INFO">${expected_name} = Sauce Labs Bolt T-Shirt</msg>
<var>${expected_name}</var>
<arg>${expected_item}</arg>
<arg>name</arg>
<doc>Returns a value from the given ``dictionary`` based on the given ``key``.</doc>
<status status="PASS" start="2024-11-21T18:55:32.089940" elapsed="0.000995"/>
</kw>
<kw name="Should Be Equal" owner="BuiltIn">
<arg>${item_name}</arg>
<arg>${expected_name}</arg>
<doc>Fails if the given objects are unequal.</doc>
<status status="PASS" start="2024-11-21T18:55:32.090935" elapsed="0.000000"/>
</kw>
<kw name="Log" owner="BuiltIn">
<msg time="2024-11-21T18:55:32.090935" level="INFO">Verified item name: Sauce Labs Bolt T-Shirt</msg>
<arg>Verified item name: ${item_name}</arg>
<doc>Logs the given message with the given level.</doc>
<status status="PASS" start="2024-11-21T18:55:32.090935" elapsed="0.000000"/>
</kw>
<var name="${index}">2</var>
<var name="${item}">&lt;selenium.webdriver.remote.webelement.WebElement (session="67cae1d017175a0c7afadb265637b4d5", element="f.C3AFE42B7C30A55F003B1C43F606BA59.d.A88114ACDBA5FE4850DB07406D0CA1B1.e.56")&gt;</var>
<status status="PASS" start="2024-11-21T18:55:32.082934" elapsed="0.008001"/>
</iter>
<var>${index}</var>
<var>${item}</var>
<value>@{cart_items}</value>
<status status="PASS" start="2024-11-21T18:55:32.063885" elapsed="0.028049"/>
</for>
<for flavor="IN ENUMERATE">
<iter>
<kw name="Get Text" owner="SeleniumLibrary">
<msg time="2024-11-21T18:55:32.101916" level="INFO">${item_price} = $29.99</msg>
<var>${item_price}</var>
<arg>${price}</arg>
<doc>Returns the text value of the element identified by ``locator``.</doc>
<status status="PASS" start="2024-11-21T18:55:32.091934" elapsed="0.009982"/>
</kw>
<kw name="Get From List" owner="Collections">
<msg time="2024-11-21T18:55:32.102934" level="INFO">${expected_item} = {'name': 'Sauce Labs Backpack', 'price': '$29.99', 'index': '0'}</msg>
<var>${expected_item}</var>
<arg>${EXPECTED_ITEMS}</arg>
<arg>${index}</arg>
<doc>Returns the value specified with an ``index`` from ``list``.</doc>
<status status="PASS" start="2024-11-21T18:55:32.102934" elapsed="0.000000"/>
</kw>
<kw name="Get From Dictionary" owner="Collections">
<msg time="2024-11-21T18:55:32.102934" level="INFO">${expected_price} = $29.99</msg>
<var>${expected_price}</var>
<arg>${expected_item}</arg>
<arg>price</arg>
<doc>Returns a value from the given ``dictionary`` based on the given ``key``.</doc>
<status status="PASS" start="2024-11-21T18:55:32.102934" elapsed="0.000000"/>
</kw>
<kw name="Should Be Equal" owner="BuiltIn">
<arg>${item_price}</arg>
<arg>${expected_price}</arg>
<doc>Fails if the given objects are unequal.</doc>
<status status="PASS" start="2024-11-21T18:55:32.103935" elapsed="0.000000"/>
</kw>
<kw name="Log" owner="BuiltIn">
<msg time="2024-11-21T18:55:32.103935" level="INFO">Verified price: $29.99</msg>
<arg>Verified price: ${item_price}</arg>
<doc>Logs the given message with the given level.</doc>
<status status="PASS" start="2024-11-21T18:55:32.103935" elapsed="0.000000"/>
</kw>
<var name="${index}">0</var>
<var name="${price}">&lt;selenium.webdriver.remote.webelement.WebElement (session="67cae1d017175a0c7afadb265637b4d5", element="f.C3AFE42B7C30A55F003B1C43F606BA59.d.A88114ACDBA5FE4850DB07406D0CA1B1.e.57")&gt;</var>
<status status="PASS" start="2024-11-21T18:55:32.091934" elapsed="0.012001"/>
</iter>
<iter>
<kw name="Get Text" owner="SeleniumLibrary">
<msg time="2024-11-21T18:55:32.115101" level="INFO">${item_price} = $9.99</msg>
<var>${item_price}</var>
<arg>${price}</arg>
<doc>Returns the text value of the element identified by ``locator``.</doc>
<status status="PASS" start="2024-11-21T18:55:32.104933" elapsed="0.010168"/>
</kw>
<kw name="Get From List" owner="Collections">
<msg time="2024-11-21T18:55:32.115101" level="INFO">${expected_item} = {'name': 'Sauce Labs Bike Light', 'price': '$9.99', 'index': '1'}</msg>
<var>${expected_item}</var>
<arg>${EXPECTED_ITEMS}</arg>
<arg>${index}</arg>
<doc>Returns the value specified with an ``index`` from ``list``.</doc>
<status status="PASS" start="2024-11-21T18:55:32.115101" elapsed="0.000000"/>
</kw>
<kw name="Get From Dictionary" owner="Collections">
<msg time="2024-11-21T18:55:32.116096" level="INFO">${expected_price} = $9.99</msg>
<var>${expected_price}</var>
<arg>${expected_item}</arg>
<arg>price</arg>
<doc>Returns a value from the given ``dictionary`` based on the given ``key``.</doc>
<status status="PASS" start="2024-11-21T18:55:32.116096" elapsed="0.000000"/>
</kw>
<kw name="Should Be Equal" owner="BuiltIn">
<arg>${item_price}</arg>
<arg>${expected_price}</arg>
<doc>Fails if the given objects are unequal.</doc>
<status status="PASS" start="2024-11-21T18:55:32.116096" elapsed="0.001000"/>
</kw>
<kw name="Log" owner="BuiltIn">
<msg time="2024-11-21T18:55:32.117096" level="INFO">Verified price: $9.99</msg>
<arg>Verified price: ${item_price}</arg>
<doc>Logs the given message with the given level.</doc>
<status status="PASS" start="2024-11-21T18:55:32.117096" elapsed="0.000000"/>
</kw>
<var name="${index}">1</var>
<var name="${price}">&lt;selenium.webdriver.remote.webelement.WebElement (session="67cae1d017175a0c7afadb265637b4d5", element="f.C3AFE42B7C30A55F003B1C43F606BA59.d.A88114ACDBA5FE4850DB07406D0CA1B1.e.58")&gt;</var>
<status status="PASS" start="2024-11-21T18:55:32.104933" elapsed="0.012163"/>
</iter>
<iter>
<kw name="Get Text" owner="SeleniumLibrary">
<msg time="2024-11-21T18:55:32.130590" level="INFO">${item_price} = $15.99</msg>
<var>${item_price}</var>
<arg>${price}</arg>
<doc>Returns the text value of the element identified by ``locator``.</doc>
<status status="PASS" start="2024-11-21T18:55:32.118165" elapsed="0.012425"/>
</kw>
<kw name="Get From List" owner="Collections">
<msg time="2024-11-21T18:55:32.131680" level="INFO">${expected_item} = {'name': 'Sauce Labs Bolt T-Shirt', 'price': '$15.99', 'index': '2'}</msg>
<var>${expected_item}</var>
<arg>${EXPECTED_ITEMS}</arg>
<arg>${index}</arg>
<doc>Returns the value specified with an ``index`` from ``list``.</doc>
<status status="PASS" start="2024-11-21T18:55:32.130590" elapsed="0.001090"/>
</kw>
<kw name="Get From Dictionary" owner="Collections">
<msg time="2024-11-21T18:55:32.131680" level="INFO">${expected_price} = $15.99</msg>
<var>${expected_price}</var>
<arg>${expected_item}</arg>
<arg>price</arg>
<doc>Returns a value from the given ``dictionary`` based on the given ``key``.</doc>
<status status="PASS" start="2024-11-21T18:55:32.131680" elapsed="0.000000"/>
</kw>
<kw name="Should Be Equal" owner="BuiltIn">
<arg>${item_price}</arg>
<arg>${expected_price}</arg>
<doc>Fails if the given objects are unequal.</doc>
<status status="PASS" start="2024-11-21T18:55:32.132686" elapsed="0.000000"/>
</kw>
<kw name="Log" owner="BuiltIn">
<msg time="2024-11-21T18:55:32.133682" level="INFO">Verified price: $15.99</msg>
<arg>Verified price: ${item_price}</arg>
<doc>Logs the given message with the given level.</doc>
<status status="PASS" start="2024-11-21T18:55:32.132686" elapsed="0.000996"/>
</kw>
<var name="${index}">2</var>
<var name="${price}">&lt;selenium.webdriver.remote.webelement.WebElement (session="67cae1d017175a0c7afadb265637b4d5", element="f.C3AFE42B7C30A55F003B1C43F606BA59.d.A88114ACDBA5FE4850DB07406D0CA1B1.e.59")&gt;</var>
<status status="PASS" start="2024-11-21T18:55:32.117096" elapsed="0.016586"/>
</iter>
<var>${index}</var>
<var>${price}</var>
<value>@{cart_prices}</value>
<status status="PASS" start="2024-11-21T18:55:32.091934" elapsed="0.041748"/>
</for>
<status status="PASS" start="2024-11-21T18:55:32.042848" elapsed="0.090834"/>
</kw>
<kw name="Verify the Visible Buttons in the Cart Screen" owner="cart_keywords">
<kw name="Page Should Contain Element" owner="SeleniumLibrary">
<msg time="2024-11-21T18:55:32.155139" level="INFO">Current page contains element 'css:button[data-test="continue-shopping"]'.</msg>
<arg>css:button[data-test="continue-shopping"]</arg>
<doc>Verifies that element ``locator`` is found on the current page.</doc>
<status status="PASS" start="2024-11-21T18:55:32.134694" elapsed="0.021445"/>
</kw>
<kw name="Page Should Contain Element" owner="SeleniumLibrary">
<msg time="2024-11-21T18:55:32.180134" level="INFO">Current page contains element 'css:button[data-test="checkout"]'.</msg>
<arg>css:button[data-test="checkout"]</arg>
<doc>Verifies that element ``locator`` is found on the current page.</doc>
<status status="PASS" start="2024-11-21T18:55:32.156139" elapsed="0.023995"/>
</kw>
<status status="PASS" start="2024-11-21T18:55:32.133682" elapsed="0.046452"/>
</kw>
<kw name="Click Checkout Button" owner="checkout_keywords">
<kw name="Click Button" owner="SeleniumLibrary">
<msg time="2024-11-21T18:55:32.181146" level="INFO">Clicking button 'css:button[data-test="checkout"]'.</msg>
<arg>css:button[data-test="checkout"]</arg>
<doc>Clicks the button identified by ``locator``.</doc>
<status status="PASS" start="2024-11-21T18:55:32.181146" elapsed="0.101413"/>
</kw>
<kw name="Wait Until Element Is Visible" owner="SeleniumLibrary">
<arg>css:.checkout_info_container</arg>
<arg>timeout=10s</arg>
<doc>Waits until the element ``locator`` is visible.</doc>
<status status="PASS" start="2024-11-21T18:55:32.282559" elapsed="0.027054"/>
</kw>
<kw name="Page Should Contain" owner="SeleniumLibrary">
<msg time="2024-11-21T18:55:32.327611" level="INFO">Current page contains text 'Checkout: Your Information'.</msg>
<arg>Checkout: Your Information</arg>
<doc>Verifies that current page contains ``text``.</doc>
<status status="PASS" start="2024-11-21T18:55:32.309613" elapsed="0.017998"/>
</kw>
<status status="PASS" start="2024-11-21T18:55:32.180134" elapsed="0.147477"/>
</kw>
<kw name="Take Custom Screenshot" owner="common_keywords">
<kw name="Get Current Date" owner="DateTime">
<msg time="2024-11-21T18:55:32.328629" level="INFO">${timestamp} = 2024-11-21_18-55-32</msg>
<var>${timestamp}</var>
<arg>result_format=%Y-%m-%d_%H-%M-%S</arg>
<doc>Returns current local or UTC time with an optional increment.</doc>
<status status="PASS" start="2024-11-21T18:55:32.328629" elapsed="0.000000"/>
</kw>
<kw name="Set Variable" owner="BuiltIn">
<msg time="2024-11-21T18:55:32.329613" level="INFO">${filename} = D:/Aperture/Sauce Demo Screenshots/2024-11-21_18-55-32_Checkout_Page_Loaded.png</msg>
<var>${filename}</var>
<arg>${SCREENSHOT_PATH}/${timestamp}_${step_name.replace(" ", "_")}.png</arg>
<doc>Returns the given values which can then be assigned to a variables.</doc>
<status status="PASS" start="2024-11-21T18:55:32.328629" elapsed="0.000984"/>
</kw>
<kw name="Create Directory" owner="OperatingSystem">
<msg time="2024-11-21T18:55:32.329613" level="INFO" html="true">Directory '&lt;a href="file://D:\Aperture\Sauce Demo Screenshots"&gt;D:\Aperture\Sauce Demo Screenshots&lt;/a&gt;' already exists.</msg>
<arg>${SCREENSHOT_PATH}</arg>
<doc>Creates the specified directory.</doc>
<status status="PASS" start="2024-11-21T18:55:32.329613" elapsed="0.000000"/>
</kw>
<kw name="Capture Page Screenshot" owner="SeleniumLibrary">
<msg time="2024-11-21T18:55:32.474827" level="INFO" html="true">&lt;/td&gt;&lt;/tr&gt;&lt;tr&gt;&lt;td colspan="3"&gt;&lt;a href="../Sauce%20Demo%20Screenshots/2024-11-21_18-55-32_Checkout_Page_Loaded.png"&gt;&lt;img src="../Sauce%20Demo%20Screenshots/2024-11-21_18-55-32_Checkout_Page_Loaded.png" width="800px"&gt;&lt;/a&gt;</msg>
<arg>${filename}</arg>
<doc>Takes a screenshot of the current page and embeds it into a log file.</doc>
<status status="PASS" start="2024-11-21T18:55:32.330610" elapsed="0.144217"/>
</kw>
<kw name="Log" owner="BuiltIn">
<msg time="2024-11-21T18:55:32.475835" level="INFO">Saved screenshot: D:/Aperture/Sauce Demo Screenshots/2024-11-21_18-55-32_Checkout_Page_Loaded.png</msg>
<arg>Saved screenshot: ${filename}</arg>
<doc>Logs the given message with the given level.</doc>
<status status="PASS" start="2024-11-21T18:55:32.475835" elapsed="0.000000"/>
</kw>
<arg>Checkout Page Loaded</arg>
<status status="PASS" start="2024-11-21T18:55:32.327611" elapsed="0.148224"/>
</kw>
<kw name="Fill Checkout Info" owner="checkout_keywords">
<kw name="Input Text" owner="SeleniumLibrary">
<msg time="2024-11-21T18:55:32.476833" level="INFO">Typing text 'Emily' into text field 'css:input[data-test="firstName"]'.</msg>
<arg>css:input[data-test="firstName"]</arg>
<arg>${FIRST_NAME}</arg>
<doc>Types the given ``text`` into the text field identified by ``locator``.</doc>
<status status="PASS" start="2024-11-21T18:55:32.475835" elapsed="0.159317"/>
</kw>
<kw name="Input Text" owner="SeleniumLibrary">
<msg time="2024-11-21T18:55:32.635152" level="INFO">Typing text 'Lim' into text field 'css:input[data-test="lastName"]'.</msg>
<arg>css:input[data-test="lastName"]</arg>
<arg>${LAST_NAME}</arg>
<doc>Types the given ``text`` into the text field identified by ``locator``.</doc>
<status status="PASS" start="2024-11-21T18:55:32.635152" elapsed="0.123120"/>
</kw>
<kw name="Input Text" owner="SeleniumLibrary">
<msg time="2024-11-21T18:55:32.759274" level="INFO">Typing text '12345' into text field 'css:input[data-test="postalCode"]'.</msg>
<arg>css:input[data-test="postalCode"]</arg>
<arg>${POSTAL_CODE}</arg>
<doc>Types the given ``text`` into the text field identified by ``locator``.</doc>
<status status="PASS" start="2024-11-21T18:55:32.759274" elapsed="0.125778"/>
</kw>
<kw name="Take Custom Screenshot" owner="common_keywords">
<kw name="Get Current Date" owner="DateTime">
<msg time="2024-11-21T18:55:32.887049" level="INFO">${timestamp} = 2024-11-21_18-55-32</msg>
<var>${timestamp}</var>
<arg>result_format=%Y-%m-%d_%H-%M-%S</arg>
<doc>Returns current local or UTC time with an optional increment.</doc>
<status status="PASS" start="2024-11-21T18:55:32.886051" elapsed="0.000998"/>
</kw>
<kw name="Set Variable" owner="BuiltIn">
<msg time="2024-11-21T18:55:32.889050" level="INFO">${filename} = D:/Aperture/Sauce Demo Screenshots/2024-11-21_18-55-32_Checkout_Info_Filled.png</msg>
<var>${filename}</var>
<arg>${SCREENSHOT_PATH}/${timestamp}_${step_name.replace(" ", "_")}.png</arg>
<doc>Returns the given values which can then be assigned to a variables.</doc>
<status status="PASS" start="2024-11-21T18:55:32.887049" elapsed="0.002001"/>
</kw>
<kw name="Create Directory" owner="OperatingSystem">
<msg time="2024-11-21T18:55:32.890056" level="INFO" html="true">Directory '&lt;a href="file://D:\Aperture\Sauce Demo Screenshots"&gt;D:\Aperture\Sauce Demo Screenshots&lt;/a&gt;' already exists.</msg>
<arg>${SCREENSHOT_PATH}</arg>
<doc>Creates the specified directory.</doc>
<status status="PASS" start="2024-11-21T18:55:32.889050" elapsed="0.001006"/>
</kw>
<kw name="Capture Page Screenshot" owner="SeleniumLibrary">
<msg time="2024-11-21T18:55:33.018668" level="INFO" html="true">&lt;/td&gt;&lt;/tr&gt;&lt;tr&gt;&lt;td colspan="3"&gt;&lt;a href="../Sauce%20Demo%20Screenshots/2024-11-21_18-55-32_Checkout_Info_Filled.png"&gt;&lt;img src="../Sauce%20Demo%20Screenshots/2024-11-21_18-55-32_Checkout_Info_Filled.png" width="800px"&gt;&lt;/a&gt;</msg>
<arg>${filename}</arg>
<doc>Takes a screenshot of the current page and embeds it into a log file.</doc>
<status status="PASS" start="2024-11-21T18:55:32.890056" elapsed="0.129614"/>
</kw>
<kw name="Log" owner="BuiltIn">
<msg time="2024-11-21T18:55:33.019670" level="INFO">Saved screenshot: D:/Aperture/Sauce Demo Screenshots/2024-11-21_18-55-32_Checkout_Info_Filled.png</msg>
<arg>Saved screenshot: ${filename}</arg>
<doc>Logs the given message with the given level.</doc>
<status status="PASS" start="2024-11-21T18:55:33.019670" elapsed="0.000000"/>
</kw>
<arg>Checkout Info Filled</arg>
<status status="PASS" start="2024-11-21T18:55:32.885052" elapsed="0.134618"/>
</kw>
<kw name="Click Button" owner="SeleniumLibrary">
<msg time="2024-11-21T18:55:33.020675" level="INFO">Clicking button 'css:input[data-test="continue"]'.</msg>
<arg>css:input[data-test="continue"]</arg>
<doc>Clicks the button identified by ``locator``.</doc>
<status status="PASS" start="2024-11-21T18:55:33.020675" elapsed="0.071838"/>
</kw>
<kw name="Wait Until Element Is Visible" owner="SeleniumLibrary">
<arg>css:.checkout_summary_container</arg>
<arg>timeout=10s</arg>
<doc>Waits until the element ``locator`` is visible.</doc>
<status status="PASS" start="2024-11-21T18:55:33.093511" elapsed="0.021441"/>
</kw>
<kw name="Page Should Contain" owner="SeleniumLibrary">
<msg time="2024-11-21T18:55:33.133308" level="INFO">Current page contains text 'Checkout: Overview'.</msg>
<arg>Checkout: Overview</arg>
<doc>Verifies that current page contains ``text``.</doc>
<status status="PASS" start="2024-11-21T18:55:33.115971" elapsed="0.018332"/>
</kw>
<status status="PASS" start="2024-11-21T18:55:32.475835" elapsed="0.658468"/>
</kw>
<kw name="Take Custom Screenshot" owner="common_keywords">
<kw name="Get Current Date" owner="DateTime">
<msg time="2024-11-21T18:55:33.136307" level="INFO">${timestamp} = 2024-11-21_18-55-33</msg>
<var>${timestamp}</var>
<arg>result_format=%Y-%m-%d_%H-%M-%S</arg>
<doc>Returns current local or UTC time with an optional increment.</doc>
<status status="PASS" start="2024-11-21T18:55:33.135308" elapsed="0.000999"/>
</kw>
<kw name="Set Variable" owner="BuiltIn">
<msg time="2024-11-21T18:55:33.138307" level="INFO">${filename} = D:/Aperture/Sauce Demo Screenshots/2024-11-21_18-55-33_Checkout_Overview_Page_Loaded.png</msg>
<var>${filename}</var>
<arg>${SCREENSHOT_PATH}/${timestamp}_${step_name.replace(" ", "_")}.png</arg>
<doc>Returns the given values which can then be assigned to a variables.</doc>
<status status="PASS" start="2024-11-21T18:55:33.136307" elapsed="0.002000"/>
</kw>
<kw name="Create Directory" owner="OperatingSystem">
<msg time="2024-11-21T18:55:33.139307" level="INFO" html="true">Directory '&lt;a href="file://D:\Aperture\Sauce Demo Screenshots"&gt;D:\Aperture\Sauce Demo Screenshots&lt;/a&gt;' already exists.</msg>
<arg>${SCREENSHOT_PATH}</arg>
<doc>Creates the specified directory.</doc>
<status status="PASS" start="2024-11-21T18:55:33.138307" elapsed="0.001000"/>
</kw>
<kw name="Capture Page Screenshot" owner="SeleniumLibrary">
<msg time="2024-11-21T18:55:33.288495" level="INFO" html="true">&lt;/td&gt;&lt;/tr&gt;&lt;tr&gt;&lt;td colspan="3"&gt;&lt;a href="../Sauce%20Demo%20Screenshots/2024-11-21_18-55-33_Checkout_Overview_Page_Loaded.png"&gt;&lt;img src="../Sauce%20Demo%20Screenshots/2024-11-21_18-55-33_Checkout_Overview_Page_Loaded.png" width="800px"&gt;&lt;/a&gt;</msg>
<arg>${filename}</arg>
<doc>Takes a screenshot of the current page and embeds it into a log file.</doc>
<status status="PASS" start="2024-11-21T18:55:33.139307" elapsed="0.149188"/>
</kw>
<kw name="Log" owner="BuiltIn">
<msg time="2024-11-21T18:55:33.289507" level="INFO">Saved screenshot: D:/Aperture/Sauce Demo Screenshots/2024-11-21_18-55-33_Checkout_Overview_Page_Loaded.png</msg>
<arg>Saved screenshot: ${filename}</arg>
<doc>Logs the given message with the given level.</doc>
<status status="PASS" start="2024-11-21T18:55:33.288495" elapsed="0.001012"/>
</kw>
<arg>Checkout Overview Page Loaded</arg>
<status status="PASS" start="2024-11-21T18:55:33.134303" elapsed="0.155204"/>
</kw>
<kw name="Verify Cart Contents" owner="cart_keywords">
<kw name="Get WebElements" owner="SeleniumLibrary">
<msg time="2024-11-21T18:55:33.306006" level="INFO">@{cart_items} = [ &lt;selenium.webdriver.remote.webelement.WebElement (session="67cae1d017175a0c7afadb265637b4d5", element="f.C3AFE42B7C30A55F003B1C43F606BA59.d.A88114ACDBA5FE4850DB07406D0CA1B1.e.95")&gt; | &lt;selenium.webdr...</msg>
<var>@{cart_items}</var>
<arg>css:.inventory_item_name</arg>
<doc>Returns a list of WebElement objects matching the ``locator``.</doc>
<status status="PASS" start="2024-11-21T18:55:33.292507" elapsed="0.013499"/>
</kw>
<kw name="Get WebElements" owner="SeleniumLibrary">
<msg time="2024-11-21T18:55:33.319394" level="INFO">@{cart_prices} = [ &lt;selenium.webdriver.remote.webelement.WebElement (session="67cae1d017175a0c7afadb265637b4d5", element="f.C3AFE42B7C30A55F003B1C43F606BA59.d.A88114ACDBA5FE4850DB07406D0CA1B1.e.98")&gt; | &lt;selenium.webdr...</msg>
<var>@{cart_prices}</var>
<arg>css:.inventory_item_price</arg>
<doc>Returns a list of WebElement objects matching the ``locator``.</doc>
<status status="PASS" start="2024-11-21T18:55:33.306006" elapsed="0.013388"/>
</kw>
<kw name="Set Variable" owner="BuiltIn">
<msg time="2024-11-21T18:55:33.322390" level="INFO">${total} = 0</msg>
<var>${total}</var>
<arg>${0}</arg>
<doc>Returns the given values which can then be assigned to a variables.</doc>
<status status="PASS" start="2024-11-21T18:55:33.320393" elapsed="0.001997"/>
</kw>
<for flavor="IN ENUMERATE">
<iter>
<kw name="Get Text" owner="SeleniumLibrary">
<msg time="2024-11-21T18:55:33.340337" level="INFO">${item_name} = Sauce Labs Backpack</msg>
<var>${item_name}</var>
<arg>${item}</arg>
<doc>Returns the text value of the element identified by ``locator``.</doc>
<status status="PASS" start="2024-11-21T18:55:33.323401" elapsed="0.017944"/>
</kw>
<kw name="Get From List" owner="Collections">
<msg time="2024-11-21T18:55:33.342379" level="INFO">${expected_item} = {'name': 'Sauce Labs Backpack', 'price': '$29.99', 'index': '0'}</msg>
<var>${expected_item}</var>
<arg>${EXPECTED_ITEMS}</arg>
<arg>${index}</arg>
<doc>Returns the value specified with an ``index`` from ``list``.</doc>
<status status="PASS" start="2024-11-21T18:55:33.341345" elapsed="0.001034"/>
</kw>
<kw name="Get From Dictionary" owner="Collections">
<msg time="2024-11-21T18:55:33.343376" level="INFO">${expected_name} = Sauce Labs Backpack</msg>
<var>${expected_name}</var>
<arg>${expected_item}</arg>
<arg>name</arg>
<doc>Returns a value from the given ``dictionary`` based on the given ``key``.</doc>
<status status="PASS" start="2024-11-21T18:55:33.343376" elapsed="0.000000"/>
</kw>
<kw name="Should Be Equal" owner="BuiltIn">
<arg>${item_name}</arg>
<arg>${expected_name}</arg>
<doc>Fails if the given objects are unequal.</doc>
<status status="PASS" start="2024-11-21T18:55:33.344391" elapsed="0.000000"/>
</kw>
<kw name="Log" owner="BuiltIn">
<msg time="2024-11-21T18:55:33.345388" level="INFO">Verified item name: Sauce Labs Backpack</msg>
<arg>Verified item name: ${item_name}</arg>
<doc>Logs the given message with the given level.</doc>
<status status="PASS" start="2024-11-21T18:55:33.345388" elapsed="0.000000"/>
</kw>
<var name="${index}">0</var>
<var name="${item}">&lt;selenium.webdriver.remote.webelement.WebElement (session="67cae1d017175a0c7afadb265637b4d5", element="f.C3AFE42B7C30A55F003B1C43F606BA59.d.A88114ACDBA5FE4850DB07406D0CA1B1.e.95")&gt;</var>
<status status="PASS" start="2024-11-21T18:55:33.323401" elapsed="0.021987"/>
</iter>
<iter>
<kw name="Get Text" owner="SeleniumLibrary">
<msg time="2024-11-21T18:55:33.360995" level="INFO">${item_name} = Sauce Labs Bike Light</msg>
<var>${item_name}</var>
<arg>${item}</arg>
<doc>Returns the text value of the element identified by ``locator``.</doc>
<status status="PASS" start="2024-11-21T18:55:33.346385" elapsed="0.014610"/>
</kw>
<kw name="Get From List" owner="Collections">
<msg time="2024-11-21T18:55:33.362051" level="INFO">${expected_item} = {'name': 'Sauce Labs Bike Light', 'price': '$9.99', 'index': '1'}</msg>
<var>${expected_item}</var>
<arg>${EXPECTED_ITEMS}</arg>
<arg>${index}</arg>
<doc>Returns the value specified with an ``index`` from ``list``.</doc>
<status status="PASS" start="2024-11-21T18:55:33.360995" elapsed="0.001056"/>
</kw>
<kw name="Get From Dictionary" owner="Collections">
<msg time="2024-11-21T18:55:33.363063" level="INFO">${expected_name} = Sauce Labs Bike Light</msg>
<var>${expected_name}</var>
<arg>${expected_item}</arg>
<arg>name</arg>
<doc>Returns a value from the given ``dictionary`` based on the given ``key``.</doc>
<status status="PASS" start="2024-11-21T18:55:33.362051" elapsed="0.001012"/>
</kw>
<kw name="Should Be Equal" owner="BuiltIn">
<arg>${item_name}</arg>
<arg>${expected_name}</arg>
<doc>Fails if the given objects are unequal.</doc>
<status status="PASS" start="2024-11-21T18:55:33.363063" elapsed="0.000987"/>
</kw>
<kw name="Log" owner="BuiltIn">
<msg time="2024-11-21T18:55:33.364050" level="INFO">Verified item name: Sauce Labs Bike Light</msg>
<arg>Verified item name: ${item_name}</arg>
<doc>Logs the given message with the given level.</doc>
<status status="PASS" start="2024-11-21T18:55:33.364050" elapsed="0.000000"/>
</kw>
<var name="${index}">1</var>
<var name="${item}">&lt;selenium.webdriver.remote.webelement.WebElement (session="67cae1d017175a0c7afadb265637b4d5", element="f.C3AFE42B7C30A55F003B1C43F606BA59.d.A88114ACDBA5FE4850DB07406D0CA1B1.e.96")&gt;</var>
<status status="PASS" start="2024-11-21T18:55:33.346385" elapsed="0.018666"/>
</iter>
<iter>
<kw name="Get Text" owner="SeleniumLibrary">
<msg time="2024-11-21T18:55:33.381563" level="INFO">${item_name} = Sauce Labs Bolt T-Shirt</msg>
<var>${item_name}</var>
<arg>${item}</arg>
<doc>Returns the text value of the element identified by ``locator``.</doc>
<status status="PASS" start="2024-11-21T18:55:33.365051" elapsed="0.016512"/>
</kw>
<kw name="Get From List" owner="Collections">
<msg time="2024-11-21T18:55:33.382561" level="INFO">${expected_item} = {'name': 'Sauce Labs Bolt T-Shirt', 'price': '$15.99', 'index': '2'}</msg>
<var>${expected_item}</var>
<arg>${EXPECTED_ITEMS}</arg>
<arg>${index}</arg>
<doc>Returns the value specified with an ``index`` from ``list``.</doc>
<status status="PASS" start="2024-11-21T18:55:33.381563" elapsed="0.000998"/>
</kw>
<kw name="Get From Dictionary" owner="Collections">
<msg time="2024-11-21T18:55:33.383569" level="INFO">${expected_name} = Sauce Labs Bolt T-Shirt</msg>
<var>${expected_name}</var>
<arg>${expected_item}</arg>
<arg>name</arg>
<doc>Returns a value from the given ``dictionary`` based on the given ``key``.</doc>
<status status="PASS" start="2024-11-21T18:55:33.382561" elapsed="0.001008"/>
</kw>
<kw name="Should Be Equal" owner="BuiltIn">
<arg>${item_name}</arg>
<arg>${expected_name}</arg>
<doc>Fails if the given objects are unequal.</doc>
<status status="PASS" start="2024-11-21T18:55:33.383569" elapsed="0.001024"/>
</kw>
<kw name="Log" owner="BuiltIn">
<msg time="2024-11-21T18:55:33.384593" level="INFO">Verified item name: Sauce Labs Bolt T-Shirt</msg>
<arg>Verified item name: ${item_name}</arg>
<doc>Logs the given message with the given level.</doc>
<status status="PASS" start="2024-11-21T18:55:33.384593" elapsed="0.000000"/>
</kw>
<var name="${index}">2</var>
<var name="${item}">&lt;selenium.webdriver.remote.webelement.WebElement (session="67cae1d017175a0c7afadb265637b4d5", element="f.C3AFE42B7C30A55F003B1C43F606BA59.d.A88114ACDBA5FE4850DB07406D0CA1B1.e.97")&gt;</var>
<status status="PASS" start="2024-11-21T18:55:33.365051" elapsed="0.020543"/>
</iter>
<var>${index}</var>
<var>${item}</var>
<value>@{cart_items}</value>
<status status="PASS" start="2024-11-21T18:55:33.322390" elapsed="0.063204"/>
</for>
<for flavor="IN ENUMERATE">
<iter>
<kw name="Get Text" owner="SeleniumLibrary">
<msg time="2024-11-21T18:55:33.401691" level="INFO">${item_price} = $29.99</msg>
<var>${item_price}</var>
<arg>${price}</arg>
<doc>Returns the text value of the element identified by ``locator``.</doc>
<status status="PASS" start="2024-11-21T18:55:33.386594" elapsed="0.015097"/>
</kw>
<kw name="Get From List" owner="Collections">
<msg time="2024-11-21T18:55:33.403686" level="INFO">${expected_item} = {'name': 'Sauce Labs Backpack', 'price': '$29.99', 'index': '0'}</msg>
<var>${expected_item}</var>
<arg>${EXPECTED_ITEMS}</arg>
<arg>${index}</arg>
<doc>Returns the value specified with an ``index`` from ``list``.</doc>
<status status="PASS" start="2024-11-21T18:55:33.402678" elapsed="0.001008"/>
</kw>
<kw name="Get From Dictionary" owner="Collections">
<msg time="2024-11-21T18:55:33.404687" level="INFO">${expected_price} = $29.99</msg>
<var>${expected_price}</var>
<arg>${expected_item}</arg>
<arg>price</arg>
<doc>Returns a value from the given ``dictionary`` based on the given ``key``.</doc>
<status status="PASS" start="2024-11-21T18:55:33.404687" elapsed="0.000000"/>
</kw>
<kw name="Should Be Equal" owner="BuiltIn">
<arg>${item_price}</arg>
<arg>${expected_price}</arg>
<doc>Fails if the given objects are unequal.</doc>
<status status="PASS" start="2024-11-21T18:55:33.405685" elapsed="0.001002"/>
</kw>
<kw name="Log" owner="BuiltIn">
<msg time="2024-11-21T18:55:33.407686" level="INFO">Verified price: $29.99</msg>
<arg>Verified price: ${item_price}</arg>
<doc>Logs the given message with the given level.</doc>
<status status="PASS" start="2024-11-21T18:55:33.406687" elapsed="0.000999"/>
</kw>
<var name="${index}">0</var>
<var name="${price}">&lt;selenium.webdriver.remote.webelement.WebElement (session="67cae1d017175a0c7afadb265637b4d5", element="f.C3AFE42B7C30A55F003B1C43F606BA59.d.A88114ACDBA5FE4850DB07406D0CA1B1.e.98")&gt;</var>
<status status="PASS" start="2024-11-21T18:55:33.385594" elapsed="0.022092"/>
</iter>
<iter>
<kw name="Get Text" owner="SeleniumLibrary">
<msg time="2024-11-21T18:55:33.422253" level="INFO">${item_price} = $9.99</msg>
<var>${item_price}</var>
<arg>${price}</arg>
<doc>Returns the text value of the element identified by ``locator``.</doc>
<status status="PASS" start="2024-11-21T18:55:33.407686" elapsed="0.015568"/>
</kw>
<kw name="Get From List" owner="Collections">
<msg time="2024-11-21T18:55:33.423955" level="INFO">${expected_item} = {'name': 'Sauce Labs Bike Light', 'price': '$9.99', 'index': '1'}</msg>
<var>${expected_item}</var>
<arg>${EXPECTED_ITEMS}</arg>
<arg>${index}</arg>
<doc>Returns the value specified with an ``index`` from ``list``.</doc>
<status status="PASS" start="2024-11-21T18:55:33.423254" elapsed="0.000701"/>
</kw>
<kw name="Get From Dictionary" owner="Collections">
<msg time="2024-11-21T18:55:33.424465" level="INFO">${expected_price} = $9.99</msg>
<var>${expected_price}</var>
<arg>${expected_item}</arg>
<arg>price</arg>
<doc>Returns a value from the given ``dictionary`` based on the given ``key``.</doc>
<status status="PASS" start="2024-11-21T18:55:33.424465" elapsed="0.000000"/>
</kw>
<kw name="Should Be Equal" owner="BuiltIn">
<arg>${item_price}</arg>
<arg>${expected_price}</arg>
<doc>Fails if the given objects are unequal.</doc>
[...]
</kw>
<kw name="Set Variable" owner="BuiltIn">
<msg time="2024-11-21T18:55:42.992990" level="INFO">${formatted_tax} = $4.48</msg>
<var>${formatted_tax}</var>
<arg>$${expected_tax}</arg>
<doc>Returns the given values which can then be assigned to a variables.</doc>
<status status="PASS" start="2024-11-21T18:55:42.991970" elapsed="0.001020"/>
</kw>
<kw name="Set Variable" owner="BuiltIn">
<msg time="2024-11-21T18:55:42.992990" level="INFO">${formatted_final_total} = $60.45</msg>
<var>${formatted_final_total}</var>
<arg>$${expected_final_total}</arg>
<doc>Returns the given values which can then be assigned to a variables.</doc>
<status status="PASS" start="2024-11-21T18:55:42.992990" elapsed="0.000000"/>
</kw>
<kw name="Wait Until Element Is Visible" owner="SeleniumLibrary">
<arg>css:.summary_subtotal_label</arg>
<arg>timeout=10s</arg>
<doc>Waits until the element ``locator`` is visible.</doc>
<status status="PASS" start="2024-11-21T18:55:42.993967" elapsed="0.016933"/>
</kw>
<kw name="Get Text" owner="SeleniumLibrary">
<msg time="2024-11-21T18:55:43.025176" level="INFO">${item_total} = Item total: $55.97</msg>
<var>${item_total}</var>
<arg>css:.summary_subtotal_label</arg>
<doc>Returns the text value of the element identified by ``locator``.</doc>
<status status="PASS" start="2024-11-21T18:55:43.010900" elapsed="0.014276"/>
</kw>
<kw name="Should Contain" owner="BuiltIn">
<arg>${item_total}</arg>
<arg>${formatted_item_total}</arg>
<doc>Fails if ``container`` does not contain ``item`` one or more times.</doc>
<status status="PASS" start="2024-11-21T18:55:43.026185" elapsed="0.000000"/>
</kw>
<kw name="Log" owner="BuiltIn">
<msg time="2024-11-21T18:55:43.027185" level="INFO">Verified Item Total: Item total: $55.97</msg>
<arg>Verified Item Total: ${item_total}</arg>
<doc>Logs the given message with the given level.</doc>
<status status="PASS" start="2024-11-21T18:55:43.027185" elapsed="0.000000"/>
</kw>
<kw name="Get Text" owner="SeleniumLibrary">
<msg time="2024-11-21T18:55:43.049916" level="INFO">${tax_amount} = Tax: $4.48</msg>
<var>${tax_amount}</var>
<arg>css:.summary_tax_label</arg>
<doc>Returns the text value of the element identified by ``locator``.</doc>
<status status="PASS" start="2024-11-21T18:55:43.027185" elapsed="0.022731"/>
</kw>
<kw name="Should Contain" owner="BuiltIn">
<arg>${tax_amount}</arg>
<arg>${formatted_tax}</arg>
<doc>Fails if ``container`` does not contain ``item`` one or more times.</doc>
<status status="PASS" start="2024-11-21T18:55:43.051002" elapsed="0.000000"/>
</kw>
<kw name="Log" owner="BuiltIn">
<msg time="2024-11-21T18:55:43.051997" level="INFO">Verified Tax Amount: Tax: $4.48</msg>
<arg>Verified Tax Amount: ${tax_amount}</arg>
<doc>Logs the given message with the given level.</doc>
<status status="PASS" start="2024-11-21T18:55:43.051002" elapsed="0.000995"/>
</kw>
<kw name="Get Text" owner="SeleniumLibrary">
<msg time="2024-11-21T18:55:43.076960" level="INFO">${final_total} = Total: $60.45</msg>
<var>${final_total}</var>
<arg>css:.summary_total_label</arg>
<doc>Returns the text value of the element identified by ``locator``.</doc>
<status status="PASS" start="2024-11-21T18:55:43.051997" elapsed="0.025969"/>
</kw>
<kw name="Should Contain" owner="BuiltIn">
<arg>${final_total}</arg>
<arg>${formatted_final_total}</arg>
<doc>Fails if ``container`` does not contain ``item`` one or more times.</doc>
<status status="PASS" start="2024-11-21T18:55:43.077966" elapsed="0.000999"/>
</kw>
<kw name="Log" owner="BuiltIn">
<msg time="2024-11-21T18:55:43.079857" level="INFO">Verified Final Total: Total: $60.45</msg>
<arg>Verified Final Total: ${final_total}</arg>
<doc>Logs the given message with the given level.</doc>
<status status="PASS" start="2024-11-21T18:55:43.078965" elapsed="0.001418"/>
</kw>
<kw name="Evaluate" owner="BuiltIn">
<msg time="2024-11-21T18:55:43.080383" level="INFO">${calculated_total} = 60.45</msg>
<var>${calculated_total}</var>
<arg>${expected_item_total} + ${expected_tax}</arg>
<doc>Evaluates the given expression in Python and returns the result.</doc>
<status status="PASS" start="2024-11-21T18:55:43.080383" elapsed="0.001044"/>
</kw>
<kw name="Evaluate" owner="BuiltIn">
<msg time="2024-11-21T18:55:43.081427" level="INFO">${calculated_total} = 60.45</msg>
<var>${calculated_total}</var>
<arg>round(${calculated_total}, 2)</arg>
<doc>Evaluates the given expression in Python and returns the result.</doc>
<status status="PASS" start="2024-11-21T18:55:43.081427" elapsed="0.000996"/>
</kw>
<kw name="Should Be Equal As Numbers" owner="BuiltIn">
<arg>${calculated_total}</arg>
<arg>${expected_final_total}</arg>
<doc>Fails if objects are unequal after converting them to real numbers.</doc>
<status status="PASS" start="2024-11-21T18:55:43.082423" elapsed="0.000000"/>
</kw>
<kw name="Log" owner="BuiltIn">
<msg time="2024-11-21T18:55:43.084418" level="INFO">Verified Total Calculation: $55.97 + $4.48 = $60.45</msg>
<arg>Verified Total Calculation: ${formatted_item_total} + ${formatted_tax} = ${formatted_final_total}</arg>
<doc>Logs the given message with the given level.</doc>
<status status="PASS" start="2024-11-21T18:55:43.083409" elapsed="0.001009"/>
</kw>
<status status="PASS" start="2024-11-21T18:55:42.911937" elapsed="0.172481"/>
</kw>
<kw name="Scroll Down" owner="common_keywords">
<kw name="Execute Javascript" owner="SeleniumLibrary">
<msg time="2024-11-21T18:55:43.087499" level="INFO">Executing JavaScript:
window.scrollBy(0, 2000)
Without any arguments.</msg>
<arg>window.scrollBy(0, ${scroll_height})</arg>
<doc>Executes the given JavaScript code with possible arguments.</doc>
<status status="PASS" start="2024-11-21T18:55:43.086514" elapsed="0.011359"/>
</kw>
<arg>2000</arg>
<status status="PASS" start="2024-11-21T18:55:43.085487" elapsed="0.012386"/>
</kw>
<kw name="Take Custom Screenshot" owner="common_keywords">
<kw name="Get Current Date" owner="DateTime">
<msg time="2024-11-21T18:55:43.099866" level="INFO">${timestamp} = 2024-11-21_18-55-43</msg>
<var>${timestamp}</var>
<arg>result_format=%Y-%m-%d_%H-%M-%S</arg>
<doc>Returns current local or UTC time with an optional increment.</doc>
<status status="PASS" start="2024-11-21T18:55:43.098889" elapsed="0.000977"/>
</kw>
<kw name="Set Variable" owner="BuiltIn">
<msg time="2024-11-21T18:55:43.102417" level="INFO">${filename} = D:/Aperture/Sauce Demo Screenshots/2024-11-21_18-55-43_Verified_Price_Totals.png</msg>
<var>${filename}</var>
<arg>${SCREENSHOT_PATH}/${timestamp}_${step_name.replace(" ", "_")}.png</arg>
<doc>Returns the given values which can then be assigned to a variables.</doc>
<status status="PASS" start="2024-11-21T18:55:43.099866" elapsed="0.002551"/>
</kw>
<kw name="Create Directory" owner="OperatingSystem">
<msg time="2024-11-21T18:55:43.103422" level="INFO" html="true">Directory '&lt;a href="file://D:\Aperture\Sauce Demo Screenshots"&gt;D:\Aperture\Sauce Demo Screenshots&lt;/a&gt;' already exists.</msg>
<arg>${SCREENSHOT_PATH}</arg>
<doc>Creates the specified directory.</doc>
<status status="PASS" start="2024-11-21T18:55:43.102417" elapsed="0.001005"/>
</kw>
<kw name="Capture Page Screenshot" owner="SeleniumLibrary">
<msg time="2024-11-21T18:55:43.217651" level="INFO" html="true">&lt;/td&gt;&lt;/tr&gt;&lt;tr&gt;&lt;td colspan="3"&gt;&lt;a href="../Sauce%20Demo%20Screenshots/2024-11-21_18-55-43_Verified_Price_Totals.png"&gt;&lt;img src="../Sauce%20Demo%20Screenshots/2024-11-21_18-55-43_Verified_Price_Totals.png" width="800px"&gt;&lt;/a&gt;</msg>
<arg>${filename}</arg>
<doc>Takes a screenshot of the current page and embeds it into a log file.</doc>
<status status="PASS" start="2024-11-21T18:55:43.104340" elapsed="0.114312"/>
</kw>
<kw name="Log" owner="BuiltIn">
<msg time="2024-11-21T18:55:43.219655" level="INFO">Saved screenshot: D:/Aperture/Sauce Demo Screenshots/2024-11-21_18-55-43_Verified_Price_Totals.png</msg>
<arg>Saved screenshot: ${filename}</arg>
<doc>Logs the given message with the given level.</doc>
<status status="PASS" start="2024-11-21T18:55:43.219655" elapsed="0.000000"/>
</kw>
<arg>Verified Price Totals</arg>
<status status="PASS" start="2024-11-21T18:55:43.097873" elapsed="0.121782"/>
</kw>
<kw name="Click Finish Button" owner="success_keywords">
<kw name="Click Button" owner="SeleniumLibrary">
<msg time="2024-11-21T18:55:43.221954" level="INFO">Clicking button 'css:button[data-test="finish"]'.</msg>
<arg>css:button[data-test="finish"]</arg>
<doc>Clicks the button identified by ``locator``.</doc>
<status status="PASS" start="2024-11-21T18:55:43.220845" elapsed="0.088189"/>
</kw>
<kw name="Wait Until Element Is Visible" owner="SeleniumLibrary">
<arg>css:.checkout_complete_container</arg>
<arg>timeout=10s</arg>
<doc>Waits until the element ``locator`` is visible.</doc>
<status status="PASS" start="2024-11-21T18:55:43.309034" elapsed="0.029182"/>
</kw>
<kw name="Page Should Contain" owner="SeleniumLibrary">
<msg time="2024-11-21T18:55:43.358535" level="INFO">Current page contains text 'Checkout: Complete!'.</msg>
<arg>Checkout: Complete!</arg>
<doc>Verifies that current page contains ``text``.</doc>
<status status="PASS" start="2024-11-21T18:55:43.339219" elapsed="0.019316"/>
</kw>
<status status="PASS" start="2024-11-21T18:55:43.220845" elapsed="0.137690"/>
</kw>
<kw name="Take Custom Screenshot" owner="common_keywords">
<kw name="Get Current Date" owner="DateTime">
<msg time="2024-11-21T18:55:43.360584" level="INFO">${timestamp} = 2024-11-21_18-55-43</msg>
<var>${timestamp}</var>
<arg>result_format=%Y-%m-%d_%H-%M-%S</arg>
<doc>Returns current local or UTC time with an optional increment.</doc>
<status status="PASS" start="2024-11-21T18:55:43.360584" elapsed="0.000000"/>
</kw>
<kw name="Set Variable" owner="BuiltIn">
<msg time="2024-11-21T18:55:43.362584" level="INFO">${filename} = D:/Aperture/Sauce Demo Screenshots/2024-11-21_18-55-43_Order_Completion_Page_Loaded.png</msg>
<var>${filename}</var>
<arg>${SCREENSHOT_PATH}/${timestamp}_${step_name.replace(" ", "_")}.png</arg>
<doc>Returns the given values which can then be assigned to a variables.</doc>
<status status="PASS" start="2024-11-21T18:55:43.361502" elapsed="0.001082"/>
</kw>
<kw name="Create Directory" owner="OperatingSystem">
<msg time="2024-11-21T18:55:43.364504" level="INFO" html="true">Directory '&lt;a href="file://D:\Aperture\Sauce Demo Screenshots"&gt;D:\Aperture\Sauce Demo Screenshots&lt;/a&gt;' already exists.</msg>
<arg>${SCREENSHOT_PATH}</arg>
<doc>Creates the specified directory.</doc>
<status status="PASS" start="2024-11-21T18:55:43.363587" elapsed="0.000917"/>
</kw>
<kw name="Capture Page Screenshot" owner="SeleniumLibrary">
<msg time="2024-11-21T18:55:43.520575" level="INFO" html="true">&lt;/td&gt;&lt;/tr&gt;&lt;tr&gt;&lt;td colspan="3"&gt;&lt;a href="../Sauce%20Demo%20Screenshots/2024-11-21_18-55-43_Order_Completion_Page_Loaded.png"&gt;&lt;img src="../Sauce%20Demo%20Screenshots/2024-11-21_18-55-43_Order_Completion_Page_Loaded.png" width="800px"&gt;&lt;/a&gt;</msg>
<arg>${filename}</arg>
<doc>Takes a screenshot of the current page and embeds it into a log file.</doc>
<status status="PASS" start="2024-11-21T18:55:43.364504" elapsed="0.156071"/>
</kw>
<kw name="Log" owner="BuiltIn">
<msg time="2024-11-21T18:55:43.521661" level="INFO">Saved screenshot: D:/Aperture/Sauce Demo Screenshots/2024-11-21_18-55-43_Order_Completion_Page_Loaded.png</msg>
<arg>Saved screenshot: ${filename}</arg>
<doc>Logs the given message with the given level.</doc>
<status status="PASS" start="2024-11-21T18:55:43.521661" elapsed="0.000000"/>
</kw>
<arg>Order Completion Page Loaded</arg>
<status status="PASS" start="2024-11-21T18:55:43.359535" elapsed="0.162126"/>
</kw>
<kw name="Verify Successful Page" owner="success_keywords">
<kw name="Element Text Should Be" owner="SeleniumLibrary">
<msg time="2024-11-21T18:55:43.523670" level="INFO">Verifying element 'css:h2.complete-header' contains exact text 'Thank you for your order!'.</msg>
<arg>css:h2.complete-header</arg>
<arg>${COMPLETE_HEADER}</arg>
<doc>Verifies that element ``locator`` contains exact the text ``expected``.</doc>
<status status="PASS" start="2024-11-21T18:55:43.523670" elapsed="0.026584"/>
</kw>
<kw name="Element Text Should Be" owner="SeleniumLibrary">
<msg time="2024-11-21T18:55:43.552348" level="INFO">Verifying element 'css:div.complete-text' contains exact text 'Your order has been dispatched, and will arrive just as fast as the pony can get there!'.</msg>
<arg>css:div.complete-text</arg>
<arg>${COMPLETE_TEXT}</arg>
<doc>Verifies that element ``locator`` contains exact the text ``expected``.</doc>
<status status="PASS" start="2024-11-21T18:55:43.551350" elapsed="0.027566"/>
</kw>
<kw name="Element Text Should Be" owner="SeleniumLibrary">
<msg time="2024-11-21T18:55:43.580023" level="INFO">Verifying element 'id:back-to-products' contains exact text 'Back Home'.</msg>
<arg>id:back-to-products</arg>
<arg>${BACKHOME_BUTTON_LABEL}</arg>
<doc>Verifies that element ``locator`` contains exact the text ``expected``.</doc>
<status status="PASS" start="2024-11-21T18:55:43.580023" elapsed="0.035496"/>
</kw>
<kw name="Verify Shopping Cart Is Empty" owner="success_keywords">
<kw name="Get Text" owner="SeleniumLibrary">
<msg time="2024-11-21T18:55:43.638350" level="INFO">${cart_value} = </msg>
<var>${cart_value}</var>
<arg>css:.shopping_cart_link</arg>
<doc>Returns the text value of the element identified by ``locator``.</doc>
<status status="PASS" start="2024-11-21T18:55:43.616525" elapsed="0.021825"/>
</kw>
<kw name="Should Be Empty" owner="BuiltIn">
<msg time="2024-11-21T18:55:43.639420" level="INFO">Length is 0.</msg>
<arg>${cart_value}</arg>
<doc>Verifies that the given item is empty.</doc>
<status status="PASS" start="2024-11-21T18:55:43.639420" elapsed="0.000000"/>
</kw>
<status status="PASS" start="2024-11-21T18:55:43.615519" elapsed="0.023901"/>
</kw>
<kw name="Click Button" owner="SeleniumLibrary">
<msg time="2024-11-21T18:55:43.640436" level="INFO">Clicking button 'id:back-to-products'.</msg>
<arg>id:back-to-products</arg>
<doc>Clicks the button identified by ``locator``.</doc>
<status status="PASS" start="2024-11-21T18:55:43.640436" elapsed="0.085335"/>
</kw>
<status status="PASS" start="2024-11-21T18:55:43.522681" elapsed="0.204096"/>
</kw>
<kw name="Take Custom Screenshot" owner="common_keywords">
<kw name="Get Current Date" owner="DateTime">
<msg time="2024-11-21T18:55:43.727776" level="INFO">${timestamp} = 2024-11-21_18-55-43</msg>
<var>${timestamp}</var>
<arg>result_format=%Y-%m-%d_%H-%M-%S</arg>
<doc>Returns current local or UTC time with an optional increment.</doc>
<status status="PASS" start="2024-11-21T18:55:43.727776" elapsed="0.000000"/>
</kw>
<kw name="Set Variable" owner="BuiltIn">
<msg time="2024-11-21T18:55:43.729870" level="INFO">${filename} = D:/Aperture/Sauce Demo Screenshots/2024-11-21_18-55-43_Verified_Successful_Checkout_Page.png</msg>
<var>${filename}</var>
<arg>${SCREENSHOT_PATH}/${timestamp}_${step_name.replace(" ", "_")}.png</arg>
<doc>Returns the given values which can then be assigned to a variables.</doc>
<status status="PASS" start="2024-11-21T18:55:43.728776" elapsed="0.002087"/>
</kw>
<kw name="Create Directory" owner="OperatingSystem">
<msg time="2024-11-21T18:55:43.731774" level="INFO" html="true">Directory '&lt;a href="file://D:\Aperture\Sauce Demo Screenshots"&gt;D:\Aperture\Sauce Demo Screenshots&lt;/a&gt;' already exists.</msg>
<arg>${SCREENSHOT_PATH}</arg>
<doc>Creates the specified directory.</doc>
<status status="PASS" start="2024-11-21T18:55:43.730863" elapsed="0.000911"/>
</kw>
<kw name="Capture Page Screenshot" owner="SeleniumLibrary">
<msg time="2024-11-21T18:55:43.922397" level="INFO" html="true">&lt;/td&gt;&lt;/tr&gt;&lt;tr&gt;&lt;td colspan="3"&gt;&lt;a href="../Sauce%20Demo%20Screenshots/2024-11-21_18-55-43_Verified_Successful_Checkout_Page.png"&gt;&lt;img src="../Sauce%20Demo%20Screenshots/2024-11-21_18-55-43_Verified_Successful_Checkout_Page.png" width="800px"&gt;&lt;/a&gt;</msg>
<arg>${filename}</arg>
<doc>Takes a screenshot of the current page and embeds it into a log file.</doc>
<status status="PASS" start="2024-11-21T18:55:43.732775" elapsed="0.189622"/>
</kw>
<kw name="Log" owner="BuiltIn">
<msg time="2024-11-21T18:55:43.922397" level="INFO">Saved screenshot: D:/Aperture/Sauce Demo Screenshots/2024-11-21_18-55-43_Verified_Successful_Checkout_Page.png</msg>
<arg>Saved screenshot: ${filename}</arg>
<doc>Logs the given message with the given level.</doc>
<status status="PASS" start="2024-11-21T18:55:43.922397" elapsed="0.000000"/>
</kw>
<arg>Verified Successful Checkout Page</arg>
<status status="PASS" start="2024-11-21T18:55:43.726777" elapsed="0.196619"/>
</kw>
<kw name="Close Browser" owner="SeleniumLibrary">
<doc>Closes the current browser.</doc>
<status status="PASS" start="2024-11-21T18:55:43.923396" elapsed="2.203151"/>
</kw>
<var name="${user_data}">['https://www.saucedemo.com/', 'D:/Aperture/Sauce Demo Screenshots', 'visual_user', 'secret_sauce', 'Emily', 'Lim', '12345', '0.08', 'Thank you for your order!', 'Your order has been dispatched, and w...</var>
<status status="PASS" start="2024-11-21T18:55:37.008039" elapsed="9.119526"/>
</iter>
<var>${user_data}</var>
<value>@{users_data}</value>
<status status="PASS" start="2024-11-21T18:55:27.433472" elapsed="18.694093"/>
</for>
<doc>Tests login with multiple users from CSV</doc>
<status status="PASS" start="2024-11-21T18:55:27.403264" elapsed="18.725310"/>
</test>
<doc>Test suite for Sauce Demo shopping functionality</doc>
<status status="PASS" start="2024-11-21T18:55:27.037813" elapsed="19.091769"/>
</suite>
<statistics>
<total>
<stat pass="1" fail="0" skip="0">All Tests</stat>
</total>
<tag>
</tag>
<suite>
<stat pass="1" fail="0" skip="0" id="s1" name="SauceDemo multiple users">SauceDemo multiple users</stat>
</suite>
</statistics>
<errors>
<msg time="2024-11-21T18:55:27.375035" level="WARN">Error in file 'D:\Aperture\resources\keywords\cart_keywords.robot' on line 24: The '[Return]' setting is deprecated. Use the 'RETURN' statement instead.</msg>
<msg time="2024-11-21T18:55:27.382140" level="WARN">Error in file 'D:\Aperture\resources\keywords\calculation_keywords.robot' on line 13: The '[Return]' setting is deprecated. Use the 'RETURN' statement instead.</msg>
<msg time="2024-11-21T18:55:27.383090" level="WARN">Error in file 'D:\Aperture\resources\keywords\calculation_keywords.robot' on line 19: The '[Return]' setting is deprecated. Use the 'RETURN' statement instead.</msg>
<msg time="2024-11-21T18:55:27.385092" level="WARN">Error in file 'D:\Aperture\resources\keywords\calculation_keywords.robot' on line 25: The '[Return]' setting is deprecated. Use the 'RETURN' statement instead.</msg>
<msg time="2024-11-21T18:55:27.385092" level="WARN">Error in file 'D:\Aperture\resources\keywords\calculation_keywords.robot' on line 41: The '[Return]' setting is deprecated. Use the 'RETURN' statement instead.</msg>
<msg time="2024-11-21T18:55:27.390612" level="WARN">Error in file 'D:\Aperture\resources\csv_data_reader.resource' on line 15: The '[Return]' setting is deprecated. Use the 'RETURN' statement instead.</msg>
<msg time="2024-11-21T18:55:27.391624" level="WARN">Error in file 'D:\Aperture\resources\csv_data_reader.resource' on line 56: The '[Return]' setting is deprecated. Use the 'RETURN' statement instead.</msg>
<msg time="2024-11-21T18:55:27.397069" level="WARN">Error in file 'D:\Aperture\resources\item_selection_strategy.resource' on line 19: The '[Return]' setting is deprecated. Use the 'RETURN' statement instead.</msg>
<msg time="2024-11-21T18:55:27.398067" level="WARN">Error in file 'D:\Aperture\resources\item_selection_strategy.resource' on line 26: The '[Return]' setting is deprecated. Use the 'RETURN' statement instead.</msg>
<msg time="2024-11-21T18:55:27.400258" level="WARN">Error in file 'D:\Aperture\resources\item_selection_strategy.resource' on line 38: The '[Return]' setting is deprecated. Use the 'RETURN' statement instead.</msg>
</errors>
</robot>
